<?xml version="1.0" encoding="UTF-8" standalone="yes"?><!DOCTYPE report PUBLIC "-//JACOCO//DTD Report 1.1//EN"
        "report.dtd">
<report name="Static Analysis Model and Parsers">
  <sessioninfo id="Ullis-MBP-4.fritz.box-a23e57df" start="1631307867849" dump="1631307951859"/>
  <sessioninfo id="Ullis-MBP-4.fritz.box-a693b014" start="1631308167206" dump="1631308213013"/>
  <package name="edu/hm/hafner/analysis/parser">
    <class name="edu/hm/hafner/analysis/parser/AcuCobolParser" sourcefilename="AcuCobolParser.java">
      <method name="&lt;init&gt;" desc="()V" line="27">
        <counter type="INSTRUCTION" missed="0" covered="4"/>
        <counter type="LINE" missed="0" covered="2"/>
        <counter type="COMPLEXITY" missed="0" covered="1"/>
        <counter type="METHOD" missed="0" covered="1"/>
      </method>
      <method name="isLineInteresting" desc="(Ljava/lang/String;)Z" line="32">
        <counter type="INSTRUCTION" missed="0" covered="4"/>
        <counter type="LINE" missed="0" covered="1"/>
        <counter type="COMPLEXITY" missed="0" covered="1"/>
        <counter type="METHOD" missed="0" covered="1"/>
      </method>
      <method name="createIssue"
              desc="(Ljava/util/regex/Matcher;Ledu/hm/hafner/util/LookaheadStream;Ledu/hm/hafner/analysis/IssueBuilder;)Ljava/util/Optional;"
              line="38">
        <counter type="INSTRUCTION" missed="0" covered="20"/>
        <counter type="LINE" missed="0" covered="5"/>
        <counter type="COMPLEXITY" missed="0" covered="1"/>
        <counter type="METHOD" missed="0" covered="1"/>
      </method>
      <counter type="INSTRUCTION" missed="0" covered="28"/>
      <counter type="LINE" missed="0" covered="8"/>
      <counter type="COMPLEXITY" missed="0" covered="3"/>
      <counter type="METHOD" missed="0" covered="3"/>
      <counter type="CLASS" missed="0" covered="1"/>
    </class>
    <sourcefile name="AcuCobolParser.java">
      <line nr="27" mi="0" ci="3" mb="0" cb="0"/>
      <line nr="28" mi="0" ci="1" mb="0" cb="0"/>
      <line nr="32" mi="0" ci="4" mb="0" cb="0"/>
      <line nr="38" mi="0" ci="8" mb="0" cb="0"/>
      <line nr="39" mi="0" ci="4" mb="0" cb="0"/>
      <line nr="40" mi="0" ci="5" mb="0" cb="0"/>
      <line nr="41" mi="0" ci="2" mb="0" cb="0"/>
      <line nr="42" mi="0" ci="1" mb="0" cb="0"/>
      <counter type="INSTRUCTION" missed="0" covered="28"/>
      <counter type="LINE" missed="0" covered="8"/>
      <counter type="COMPLEXITY" missed="0" covered="3"/>
      <counter type="METHOD" missed="0" covered="3"/>
      <counter type="CLASS" missed="0" covered="1"/>
    </sourcefile>
    <counter type="INSTRUCTION" missed="7" covered="448"/>
    <counter type="BRANCH" missed="0" covered="18"/>
    <counter type="LINE" missed="3" covered="108"/>
    <counter type="COMPLEXITY" missed="1" covered="59"/>
    <counter type="METHOD" missed="1" covered="50"/>
    <counter type="CLASS" missed="0" covered="17"/>
  </package>
  <counter type="INSTRUCTION" missed="974" covered="24057"/>
  <counter type="BRANCH" missed="205" covered="1544"/>
  <counter type="LINE" missed="267" covered="5531"/>
  <counter type="COMPLEXITY" missed="239" covered="2319"/>
  <counter type="METHOD" missed="45" covered="1615"/>
  <counter type="CLASS" missed="1" covered="333"/>
</report>
