<?xml version="1.0" encoding="UTF-8" standalone="yes"?><!DOCTYPE report PUBLIC "-//JACOCO//DTD Report 1.1//EN"
        "report.dtd">
<report name="Java coding style">
  <sessioninfo id="Ullis-MBP-4.fritz.box-10de2bc5" start="1625931527713" dump="1625931553652"/>
  <package name="edu/hm/hafner/util">
    <class name="edu/hm/hafner/util/PathUtil" sourcefilename="PathUtil.java">
      <method name="&lt;init&gt;" desc="()V" line="20">
        <counter type="INSTRUCTION" missed="0" covered="3"/>
        <counter type="LINE" missed="0" covered="1"/>
        <counter type="COMPLEXITY" missed="0" covered="1"/>
        <counter type="METHOD" missed="0" covered="1"/>
      </method>
      <method name="exists" desc="(Ljava/lang/String;)Z" line="42">
        <counter type="INSTRUCTION" missed="0" covered="11"/>
        <counter type="LINE" missed="0" covered="3"/>
        <counter type="COMPLEXITY" missed="0" covered="1"/>
        <counter type="METHOD" missed="0" covered="1"/>
      </method>
      <method name="exists" desc="(Ljava/lang/String;Ljava/lang/String;)Z" line="67">
        <counter type="INSTRUCTION" missed="0" covered="7"/>
        <counter type="LINE" missed="0" covered="1"/>
        <counter type="COMPLEXITY" missed="0" covered="1"/>
        <counter type="METHOD" missed="0" covered="1"/>
      </method>
      <method name="getAbsolutePath" desc="(Ljava/lang/String;)Ljava/lang/String;" line="83">
        <counter type="INSTRUCTION" missed="0" covered="12"/>
        <counter type="LINE" missed="0" covered="3"/>
        <counter type="COMPLEXITY" missed="0" covered="1"/>
        <counter type="METHOD" missed="0" covered="1"/>
      </method>
      <method name="getAbsolutePath" desc="(Ljava/nio/file/Path;)Ljava/lang/String;" line="103">
        <counter type="INSTRUCTION" missed="0" covered="13"/>
        <counter type="LINE" missed="0" covered="3"/>
        <counter type="COMPLEXITY" missed="0" covered="1"/>
        <counter type="METHOD" missed="0" covered="1"/>
      </method>
      <method name="getRelativePath" desc="(Ljava/nio/file/Path;Ljava/lang/String;)Ljava/lang/String;" line="126">
        <counter type="INSTRUCTION" missed="0" covered="13"/>
        <counter type="LINE" missed="0" covered="3"/>
        <counter type="COMPLEXITY" missed="0" covered="1"/>
        <counter type="METHOD" missed="0" covered="1"/>
      </method>
      <method name="getRelativePath" desc="(Ljava/lang/String;Ljava/lang/String;)Ljava/lang/String;" line="149">
        <counter type="INSTRUCTION" missed="0" covered="16"/>
        <counter type="LINE" missed="0" covered="3"/>
        <counter type="COMPLEXITY" missed="0" covered="1"/>
        <counter type="METHOD" missed="0" covered="1"/>
      </method>
      <method name="getRelativePath" desc="(Ljava/nio/file/Path;Ljava/nio/file/Path;)Ljava/lang/String;" line="172">
        <counter type="INSTRUCTION" missed="0" covered="33"/>
        <counter type="BRANCH" missed="0" covered="2"/>
        <counter type="LINE" missed="0" covered="6"/>
        <counter type="COMPLEXITY" missed="0" covered="2"/>
        <counter type="METHOD" missed="0" covered="1"/>
      </method>
      <method name="getRelativePath" desc="(Ljava/nio/file/Path;)Ljava/lang/String;" line="197">
        <counter type="INSTRUCTION" missed="0" covered="6"/>
        <counter type="LINE" missed="0" covered="1"/>
        <counter type="COMPLEXITY" missed="0" covered="1"/>
        <counter type="METHOD" missed="0" covered="1"/>
      </method>
      <method name="getRelativePath" desc="(Ljava/lang/String;)Ljava/lang/String;" line="213">
        <counter type="INSTRUCTION" missed="0" covered="12"/>
        <counter type="LINE" missed="0" covered="3"/>
        <counter type="COMPLEXITY" missed="0" covered="1"/>
        <counter type="METHOD" missed="0" covered="1"/>
      </method>
      <method name="createAbsolutePath" desc="(Ljava/lang/String;Ljava/lang/String;)Ljava/lang/String;" line="232">
        <counter type="INSTRUCTION" missed="0" covered="53"/>
        <counter type="BRANCH" missed="0" covered="8"/>
        <counter type="LINE" missed="0" covered="10"/>
        <counter type="COMPLEXITY" missed="0" covered="5"/>
        <counter type="METHOD" missed="0" covered="1"/>
      </method>
      <method name="isAbsolute" desc="(Ljava/lang/String;)Z" line="263">
        <counter type="INSTRUCTION" missed="0" covered="7"/>
        <counter type="BRANCH" missed="0" covered="2"/>
        <counter type="LINE" missed="0" covered="1"/>
        <counter type="COMPLEXITY" missed="0" covered="2"/>
        <counter type="METHOD" missed="0" covered="1"/>
      </method>
      <method name="normalize" desc="(Ljava/nio/file/Path;)Ljava/nio/file/Path;" line="267">
        <counter type="INSTRUCTION" missed="0" covered="11"/>
        <counter type="LINE" missed="0" covered="1"/>
        <counter type="COMPLEXITY" missed="0" covered="1"/>
        <counter type="METHOD" missed="0" covered="1"/>
      </method>
      <method name="makeUnixPath" desc="(Ljava/lang/String;)Ljava/lang/String;" line="271">
        <counter type="INSTRUCTION" missed="0" covered="14"/>
        <counter type="BRANCH" missed="0" covered="2"/>
        <counter type="LINE" missed="0" covered="4"/>
        <counter type="COMPLEXITY" missed="0" covered="2"/>
        <counter type="METHOD" missed="0" covered="1"/>
      </method>
      <counter type="INSTRUCTION" missed="0" covered="211"/>
      <counter type="BRANCH" missed="0" covered="14"/>
      <counter type="LINE" missed="0" covered="43"/>
      <counter type="COMPLEXITY" missed="0" covered="21"/>
      <counter type="METHOD" missed="0" covered="14"/>
      <counter type="CLASS" missed="0" covered="1"/>
    </class>
    <sourcefile name="PathUtil.java">
      <line nr="20" mi="0" ci="3" mb="0" cb="0"/>
      <line nr="42" mi="0" ci="8" mb="0" cb="0"/>
      <line nr="44" mi="0" ci="1" mb="0" cb="0"/>
      <line nr="45" mi="0" ci="2" mb="0" cb="0"/>
      <line nr="67" mi="0" ci="7" mb="0" cb="0"/>
      <line nr="83" mi="0" ci="7" mb="0" cb="0"/>
      <line nr="85" mi="0" ci="1" mb="0" cb="0"/>
      <line nr="86" mi="0" ci="4" mb="0" cb="0"/>
      <line nr="103" mi="0" ci="7" mb="0" cb="0"/>
      <line nr="105" mi="0" ci="1" mb="0" cb="0"/>
      <line nr="106" mi="0" ci="5" mb="0" cb="0"/>
      <line nr="126" mi="0" ci="8" mb="0" cb="0"/>
      <line nr="128" mi="0" ci="1" mb="0" cb="0"/>
      <line nr="129" mi="0" ci="4" mb="0" cb="0"/>
      <line nr="149" mi="0" ci="11" mb="0" cb="0"/>
      <line nr="151" mi="0" ci="1" mb="0" cb="0"/>
      <line nr="152" mi="0" ci="4" mb="0" cb="0"/>
      <line nr="172" mi="0" ci="4" mb="0" cb="0"/>
      <line nr="173" mi="0" ci="3" mb="0" cb="2"/>
      <line nr="174" mi="0" ci="9" mb="0" cb="0"/>
      <line nr="176" mi="0" ci="11" mb="0" cb="0"/>
      <line nr="179" mi="0" ci="1" mb="0" cb="0"/>
      <line nr="182" mi="0" ci="5" mb="0" cb="0"/>
      <line nr="197" mi="0" ci="6" mb="0" cb="0"/>
      <line nr="213" mi="0" ci="7" mb="0" cb="0"/>
      <line nr="215" mi="0" ci="1" mb="0" cb="0"/>
      <line nr="218" mi="0" ci="4" mb="0" cb="0"/>
      <line nr="232" mi="0" ci="7" mb="0" cb="4"/>
      <line nr="233" mi="0" ci="4" mb="0" cb="0"/>
      <line nr="235" mi="0" ci="6" mb="0" cb="0"/>
      <line nr="238" mi="0" ci="4" mb="0" cb="2"/>
      <line nr="239" mi="0" ci="3" mb="0" cb="0"/>
      <line nr="242" mi="0" ci="2" mb="0" cb="0"/>
      <line nr="246" mi="0" ci="14" mb="0" cb="0"/>
      <line nr="247" mi="0" ci="8" mb="0" cb="2"/>
      <line nr="249" mi="0" ci="1" mb="0" cb="0"/>
      <line nr="250" mi="0" ci="4" mb="0" cb="0"/>
      <line nr="263" mi="0" ci="7" mb="0" cb="2"/>
      <line nr="267" mi="0" ci="11" mb="0" cb="0"/>
      <line nr="271" mi="0" ci="5" mb="0" cb="0"/>
      <line nr="272" mi="0" ci="4" mb="0" cb="2"/>
      <line nr="273" mi="0" ci="3" mb="0" cb="0"/>
      <line nr="275" mi="0" ci="2" mb="0" cb="0"/>
      <counter type="INSTRUCTION" missed="0" covered="211"/>
      <counter type="BRANCH" missed="0" covered="14"/>
      <counter type="LINE" missed="0" covered="43"/>
      <counter type="COMPLEXITY" missed="0" covered="21"/>
      <counter type="METHOD" missed="0" covered="14"/>
      <counter type="CLASS" missed="0" covered="1"/>
    </sourcefile>
    <counter type="INSTRUCTION" missed="0" covered="211"/>
    <counter type="BRANCH" missed="0" covered="14"/>
    <counter type="LINE" missed="0" covered="43"/>
    <counter type="COMPLEXITY" missed="0" covered="21"/>
    <counter type="METHOD" missed="0" covered="14"/>
    <counter type="CLASS" missed="0" covered="1"/>
    <counter type="PACKAGE" missed="0" covered="1"/>
  </package>
  <counter type="INSTRUCTION" missed="0" covered="211"/>
  <counter type="BRANCH" missed="0" covered="14"/>
  <counter type="LINE" missed="0" covered="43"/>
  <counter type="COMPLEXITY" missed="0" covered="21"/>
  <counter type="METHOD" missed="0" covered="14"/>
  <counter type="CLASS" missed="0" covered="1"/>
    <counter type="PACKAGE" missed="0" covered="1"/>
    <counter type="" missed="0" covered="1"/>
</report>
