<?xml version="1.0"?>
<!DOCTYPE coverage SYSTEM "http://cobertura.sourceforge.net/xml/coverage-03.dtd">

<coverage line-rate="0.07023176536169118" branch-rate="0.04964616562260791" version="1.9" timestamp="1240339705747">
	<sources>
		<source>C:/local/ant-coverage-example/src</source>
	</sources>
	<packages>
		<package name="org.apache.commons.cli" line-rate="0.6283924843423799" branch-rate="0.4538216560509554" complexity="2.9107142857142856">
			<classes>
				<class name="org.apache.commons.cli.AlreadySelectedException" filename="org/apache/commons/cli/AlreadySelectedException.java" line-rate="1.0" branch-rate="1.0" complexity="1.0">
					<methods>
						<method name="&lt;init&gt;" signature="(Ljava/lang/String;)V" line-rate="1.0" branch-rate="1.0">
							<lines>
								<line number="82" hits="36" branch="false"/>
								<line number="83" hits="36" branch="false"/>
							</lines>
						</method>
					</methods>
					<lines>
						<line number="82" hits="36" branch="false"/>
						<line number="83" hits="36" branch="false"/>
					</lines>
				</class>
				<class name="org.apache.commons.cli.BasicParser" filename="org/apache/commons/cli/BasicParser.java" line-rate="0.0" branch-rate="1.0" complexity="1.0">
					<methods>
						<method name="&lt;init&gt;" signature="()V" line-rate="0.0" branch-rate="1.0">
							<lines>
								<line number="72" hits="0" branch="false"/>
							</lines>
						</method>
						<method name="flatten" signature="(Lorg/apache/commons/cli/Options;[Ljava/lang/String;Z)[Ljava/lang/String;" line-rate="0.0" branch-rate="1.0">
							<lines>
								<line number="91" hits="0" branch="false"/>
							</lines>
						</method>
					</methods>
					<lines>
						<line number="72" hits="0" branch="false"/>
						<line number="91" hits="0" branch="false"/>
					</lines>
				</class>
				<class name="org.apache.commons.cli.CommandLine" filename="org/apache/commons/cli/CommandLine.java" line-rate="0.9130434782608695" branch-rate="0.9375" complexity="1.2352941176470589">
					<methods>
						<method name="&lt;init&gt;" signature="()V" line-rate="1.0" branch-rate="1.0">
							<lines>
								<line number="89" hits="1386" branch="false"/>
								<line number="92" hits="1386" branch="false"/>
								<line number="95" hits="1386" branch="false"/>
								<line number="103" hits="1386" branch="false"/>
								<line number="104" hits="1386" branch="false"/>
							</lines>
						</method>
						<method name="addArg" signature="(Ljava/lang/String;)V" line-rate="1.0" branch-rate="1.0">
							<lines>
								<line number="284" hits="1152" branch="false"/>
								<line number="285" hits="1152" branch="false"/>
							</lines>
						</method>
						<method name="addOption" signature="(Lorg/apache/commons/cli/Option;)V" line-rate="1.0" branch-rate="1.0">
							<lines>
								<line number="294" hits="4284" branch="false"/>
								<line number="296" hits="4284" branch="false"/>
								<line number="297" hits="4284" branch="true" condition-coverage="100% (2/2)">
									<conditions>
										<condition number="0" type="jump" coverage="100%"/>
									</conditions>
								</line>
								<line number="298" hits="108" branch="false"/>
								<line number="301" hits="4284" branch="true" condition-coverage="100% (2/2)">
									<conditions>
										<condition number="0" type="jump" coverage="100%"/>
									</conditions>
								</line>
								<line number="302" hits="396" branch="false"/>
								<line number="304" hits="3888" branch="false"/>
								<line number="305" hits="3888" branch="false"/>
								<line number="307" hits="4284" branch="false"/>
							</lines>
						</method>
						<method name="getArgList" signature="()Ljava/util/List;" line-rate="1.0" branch-rate="1.0">
							<lines>
								<line number="261" hits="972" branch="false"/>
							</lines>
						</method>
						<method name="getArgs" signature="()[Ljava/lang/String;" line-rate="1.0" branch-rate="1.0">
							<lines>
								<line number="250" hits="252" branch="false"/>
								<line number="251" hits="252" branch="false"/>
								<line number="252" hits="252" branch="false"/>
							</lines>
						</method>
						<method name="getOptionObject" signature="(C)Ljava/lang/Object;" line-rate="1.0" branch-rate="1.0">
							<lines>
								<line number="151" hits="108" branch="false"/>
							</lines>
						</method>
						<method name="getOptionObject" signature="(Ljava/lang/String;)Ljava/lang/Object;" line-rate="1.0" branch-rate="0.5">
							<lines>
								<line number="136" hits="216" branch="false"/>
								<line number="138" hits="216" branch="false"/>
								<line number="140" hits="216" branch="true" condition-coverage="50% (1/2)">
									<conditions>
										<condition number="0" type="jump" coverage="50%"/>
									</conditions>
								</line>
							</lines>
						</method>
						<method name="getOptionValue" signature="(C)Ljava/lang/String;" line-rate="1.0" branch-rate="1.0">
							<lines>
								<line number="176" hits="54" branch="false"/>
							</lines>
						</method>
						<method name="getOptionValue" signature="(CLjava/lang/String;)Ljava/lang/String;" line-rate="0.0" branch-rate="1.0">
							<lines>
								<line number="241" hits="0" branch="false"/>
							</lines>
						</method>
						<method name="getOptionValue" signature="(Ljava/lang/String;)Ljava/lang/String;" line-rate="1.0" branch-rate="1.0">
							<lines>
								<line number="163" hits="882" branch="false"/>
								<line number="164" hits="882" branch="true" condition-coverage="100% (2/2)">
									<conditions>
										<condition number="0" type="jump" coverage="100%"/>
									</conditions>
								</line>
							</lines>
						</method>
						<method name="getOptionValue" signature="(Ljava/lang/String;Ljava/lang/String;)Ljava/lang/String;" line-rate="1.0" branch-rate="1.0">
							<lines>
								<line number="226" hits="36" branch="false"/>
								<line number="227" hits="36" branch="true" condition-coverage="100% (2/2)">
									<conditions>
										<condition number="0" type="jump" coverage="100%"/>
									</conditions>
								</line>
							</lines>
						</method>
						<method name="getOptionValues" signature="(C)[Ljava/lang/String;" line-rate="1.0" branch-rate="1.0">
							<lines>
								<line number="212" hits="144" branch="false"/>
							</lines>
						</method>
						<method name="getOptionValues" signature="(Ljava/lang/String;)[Ljava/lang/String;" line-rate="1.0" branch-rate="1.0">
							<lines>
								<line number="188" hits="1476" branch="false"/>
								<line number="190" hits="1476" branch="true" condition-coverage="100% (2/2)">
									<conditions>
										<condition number="0" type="jump" coverage="100%"/>
									</conditions>
								</line>
								<line number="191" hits="1458" branch="false"/>
								<line number="192" hits="1458" branch="false"/>
								<line number="194" hits="3114" branch="true" condition-coverage="100% (2/2)">
									<conditions>
										<condition number="0" type="jump" coverage="100%"/>
									</conditions>
								</line>
								<line number="195" hits="1656" branch="false"/>
								<line number="196" hits="1656" branch="false"/>
								<line number="197" hits="1656" branch="false"/>
								<line number="199" hits="1476" branch="true" condition-coverage="100% (2/2)">
									<conditions>
										<condition number="0" type="jump" coverage="100%"/>
									</conditions>
								</line>
							</lines>
						</method>
						<method name="getOptions" signature="()[Lorg/apache/commons/cli/Option;" line-rate="0.0" branch-rate="1.0">
							<lines>
								<line number="325" hits="0" branch="false"/>
								<line number="328" hits="0" branch="false"/>
								<line number="331" hits="0" branch="false"/>
							</lines>
						</method>
						<method name="hasOption" signature="(C)Z" line-rate="1.0" branch-rate="1.0">
							<lines>
								<line number="125" hits="90" branch="false"/>
							</lines>
						</method>
						<method name="hasOption" signature="(Ljava/lang/String;)Z" line-rate="1.0" branch-rate="1.0">
							<lines>
								<line number="114" hits="1944" branch="false"/>
							</lines>
						</method>
						<method name="iterator" signature="()Ljava/util/Iterator;" line-rate="1.0" branch-rate="1.0">
							<lines>
								<line number="316" hits="18" branch="false"/>
							</lines>
						</method>
					</methods>
					<lines>
						<line number="89" hits="1386" branch="false"/>
						<line number="92" hits="1386" branch="false"/>
						<line number="95" hits="1386" branch="false"/>
						<line number="103" hits="1386" branch="false"/>
						<line number="104" hits="1386" branch="false"/>
						<line number="114" hits="1944" branch="false"/>
						<line number="125" hits="90" branch="false"/>
						<line number="136" hits="216" branch="false"/>
						<line number="138" hits="216" branch="false"/>
						<line number="140" hits="216" branch="true" condition-coverage="50% (1/2)">
							<conditions>
								<condition number="0" type="jump" coverage="50%"/>
							</conditions>
						</line>
						<line number="151" hits="108" branch="false"/>
						<line number="163" hits="882" branch="false"/>
						<line number="164" hits="882" branch="true" condition-coverage="100% (2/2)">
							<conditions>
								<condition number="0" type="jump" coverage="100%"/>
							</conditions>
						</line>
						<line number="176" hits="54" branch="false"/>
						<line number="188" hits="1476" branch="false"/>
						<line number="190" hits="1476" branch="true" condition-coverage="100% (2/2)">
							<conditions>
								<condition number="0" type="jump" coverage="100%"/>
							</conditions>
						</line>
						<line number="191" hits="1458" branch="false"/>
						<line number="192" hits="1458" branch="false"/>
						<line number="194" hits="3114" branch="true" condition-coverage="100% (2/2)">
							<conditions>
								<condition number="0" type="jump" coverage="100%"/>
							</conditions>
						</line>
						<line number="195" hits="1656" branch="false"/>
						<line number="196" hits="1656" branch="false"/>
						<line number="197" hits="1656" branch="false"/>
						<line number="199" hits="1476" branch="true" condition-coverage="100% (2/2)">
							<conditions>
								<condition number="0" type="jump" coverage="100%"/>
							</conditions>
						</line>
						<line number="212" hits="144" branch="false"/>
						<line number="226" hits="36" branch="false"/>
						<line number="227" hits="36" branch="true" condition-coverage="100% (2/2)">
							<conditions>
								<condition number="0" type="jump" coverage="100%"/>
							</conditions>
						</line>
						<line number="241" hits="0" branch="false"/>
						<line number="250" hits="252" branch="false"/>
						<line number="251" hits="252" branch="false"/>
						<line number="252" hits="252" branch="false"/>
						<line number="261" hits="972" branch="false"/>
						<line number="284" hits="1152" branch="false"/>
						<line number="285" hits="1152" branch="false"/>
						<line number="294" hits="4284" branch="false"/>
						<line number="296" hits="4284" branch="false"/>
						<line number="297" hits="4284" branch="true" condition-coverage="100% (2/2)">
							<conditions>
								<condition number="0" type="jump" coverage="100%"/>
							</conditions>
						</line>
						<line number="298" hits="108" branch="false"/>
						<line number="301" hits="4284" branch="true" condition-coverage="100% (2/2)">
							<conditions>
								<condition number="0" type="jump" coverage="100%"/>
							</conditions>
						</line>
						<line number="302" hits="396" branch="false"/>
						<line number="304" hits="3888" branch="false"/>
						<line number="305" hits="3888" branch="false"/>
						<line number="307" hits="4284" branch="false"/>
						<line number="316" hits="18" branch="false"/>
						<line number="325" hits="0" branch="false"/>
						<line number="328" hits="0" branch="false"/>
						<line number="331" hits="0" branch="false"/>
					</lines>
				</class>
				<class name="org.apache.commons.cli.CommandLineParser" filename="org/apache/commons/cli/CommandLineParser.java" line-rate="1.0" branch-rate="1.0" complexity="1.0">
					<methods>
					</methods>
					<lines>
					</lines>
				</class>
				<class name="org.apache.commons.cli.GnuParser" filename="org/apache/commons/cli/GnuParser.java" line-rate="0.7407407407407407" branch-rate="0.7222222222222222" complexity="9.0">
					<methods>
						<method name="&lt;init&gt;" signature="()V" line-rate="1.0" branch-rate="1.0">
							<lines>
								<line number="75" hits="216" branch="false"/>
								<line number="77" hits="216" branch="false"/>
							</lines>
						</method>
						<method name="flatten" signature="(Lorg/apache/commons/cli/Options;[Ljava/lang/String;Z)[Ljava/lang/String;" line-rate="0.72" branch-rate="0.7222222222222222">
							<lines>
								<line number="109" hits="270" branch="false"/>
								<line number="110" hits="270" branch="false"/>
								<line number="111" hits="270" branch="false"/>
								<line number="113" hits="1242" branch="true" condition-coverage="100% (2/2)">
									<conditions>
										<condition number="0" type="jump" coverage="100%"/>
									</conditions>
								</line>
								<line number="114" hits="972" branch="true" condition-coverage="100% (2/2)">
									<conditions>
										<condition number="0" type="jump" coverage="100%"/>
									</conditions>
								</line>
								<line number="115" hits="18" branch="false"/>
								<line number="116" hits="18" branch="false"/>
								<line number="117" hits="954" branch="true" condition-coverage="100% (2/2)">
									<conditions>
										<condition number="0" type="jump" coverage="100%"/>
									</conditions>
								</line>
								<line number="118" hits="36" branch="false"/>
								<line number="119" hits="918" branch="true" condition-coverage="100% (2/2)">
									<conditions>
										<condition number="0" type="jump" coverage="100%"/>
									</conditions>
								</line>
								<line number="120" hits="540" branch="false"/>
								<line number="123" hits="540" branch="true" condition-coverage="100% (2/2)">
									<conditions>
										<condition number="0" type="jump" coverage="100%"/>
									</conditions>
								</line>
								<line number="125" hits="72" branch="false"/>
								<line number="127" hits="72" branch="true" condition-coverage="100% (2/2)">
									<conditions>
										<condition number="0" type="jump" coverage="100%"/>
									</conditions>
								</line>
								<line number="128" hits="36" branch="false"/>
								<line number="129" hits="36" branch="false"/>
								<line number="130" hits="36" branch="true" condition-coverage="100% (2/2)">
									<conditions>
										<condition number="0" type="jump" coverage="100%"/>
									</conditions>
								</line>
								<line number="131" hits="18" branch="false"/>
								<line number="132" hits="18" branch="false"/>
								<line number="134" hits="18" branch="false"/>
								<line number="136" hits="72" branch="false"/>
								<line number="137" hits="468" branch="false"/>
								<line number="139" hits="468" branch="false"/>
								<line number="141" hits="468" branch="true" condition-coverage="75% (3/4)">
									<conditions>
										<condition number="0" type="jump" coverage="100%"/>
										<condition number="1" type="jump" coverage="50%"/>
									</conditions>
								</line>
								<line number="142" hits="0" branch="false"/>
								<line number="143" hits="0" branch="false"/>
								<line number="144" hits="468" branch="true" condition-coverage="75% (3/4)">
									<conditions>
										<condition number="0" type="jump" coverage="50%"/>
										<condition number="1" type="jump" coverage="100%"/>
									</conditions>
								</line>
								<line number="146" hits="234" branch="true" condition-coverage="50% (1/2)">
									<conditions>
										<condition number="0" type="jump" coverage="50%"/>
									</conditions>
								</line>
								<line number="147" hits="234" branch="false"/>
								<line number="148" hits="234" branch="false"/>
								<line number="149" hits="0" branch="true" condition-coverage="0% (0/2)">
									<conditions>
										<condition number="0" type="jump" coverage="0%"/>
									</conditions>
								</line>
								<line number="150" hits="0" branch="false"/>
								<line number="151" hits="0" branch="true" condition-coverage="0% (0/2)">
									<conditions>
										<condition number="0" type="jump" coverage="0%"/>
									</conditions>
								</line>
								<line number="152" hits="0" branch="false"/>
								<line number="153" hits="0" branch="false"/>
								<line number="154" hits="0" branch="false"/>
								<line number="156" hits="0" branch="false"/>
								<line number="158" hits="234" branch="true" condition-coverage="50% (1/2)">
									<conditions>
										<condition number="0" type="jump" coverage="50%"/>
									</conditions>
								</line>
								<line number="159" hits="234" branch="false"/>
								<line number="160" hits="0" branch="true" condition-coverage="0% (0/2)">
									<conditions>
										<condition number="0" type="jump" coverage="0%"/>
									</conditions>
								</line>
								<line number="161" hits="0" branch="false"/>
								<line number="162" hits="0" branch="false"/>
								<line number="163" hits="0" branch="false"/>
								<line number="165" hits="0" branch="false"/>
								<line number="168" hits="540" branch="false"/>
								<line number="169" hits="378" branch="false"/>
								<line number="172" hits="972" branch="true" condition-coverage="100% (2/2)">
									<conditions>
										<condition number="0" type="jump" coverage="100%"/>
									</conditions>
								</line>
								<line number="173" hits="90" branch="true" condition-coverage="100% (2/2)">
									<conditions>
										<condition number="0" type="jump" coverage="100%"/>
									</conditions>
								</line>
								<line number="174" hits="54" branch="false"/>
								<line number="178" hits="270" branch="false"/>
							</lines>
						</method>
						<method name="init" signature="()V" line-rate="1.0" branch-rate="1.0">
							<lines>
								<line number="84" hits="270" branch="false"/>
								<line number="85" hits="270" branch="false"/>
							</lines>
						</method>
					</methods>
					<lines>
						<line number="75" hits="216" branch="false"/>
						<line number="77" hits="216" branch="false"/>
						<line number="84" hits="270" branch="false"/>
						<line number="85" hits="270" branch="false"/>
						<line number="109" hits="270" branch="false"/>
						<line number="110" hits="270" branch="false"/>
						<line number="111" hits="270" branch="false"/>
						<line number="113" hits="1242" branch="true" condition-coverage="100% (2/2)">
							<conditions>
								<condition number="0" type="jump" coverage="100%"/>
							</conditions>
						</line>
						<line number="114" hits="972" branch="true" condition-coverage="100% (2/2)">
							<conditions>
								<condition number="0" type="jump" coverage="100%"/>
							</conditions>
						</line>
						<line number="115" hits="18" branch="false"/>
						<line number="116" hits="18" branch="false"/>
						<line number="117" hits="954" branch="true" condition-coverage="100% (2/2)">
							<conditions>
								<condition number="0" type="jump" coverage="100%"/>
							</conditions>
						</line>
						<line number="118" hits="36" branch="false"/>
						<line number="119" hits="918" branch="true" condition-coverage="100% (2/2)">
							<conditions>
								<condition number="0" type="jump" coverage="100%"/>
							</conditions>
						</line>
						<line number="120" hits="540" branch="false"/>
						<line number="123" hits="540" branch="true" condition-coverage="100% (2/2)">
							<conditions>
								<condition number="0" type="jump" coverage="100%"/>
							</conditions>
						</line>
						<line number="125" hits="72" branch="false"/>
						<line number="127" hits="72" branch="true" condition-coverage="100% (2/2)">
							<conditions>
								<condition number="0" type="jump" coverage="100%"/>
							</conditions>
						</line>
						<line number="128" hits="36" branch="false"/>
						<line number="129" hits="36" branch="false"/>
						<line number="130" hits="36" branch="true" condition-coverage="100% (2/2)">
							<conditions>
								<condition number="0" type="jump" coverage="100%"/>
							</conditions>
						</line>
						<line number="131" hits="18" branch="false"/>
						<line number="132" hits="18" branch="false"/>
						<line number="134" hits="18" branch="false"/>
						<line number="136" hits="72" branch="false"/>
						<line number="137" hits="468" branch="false"/>
						<line number="139" hits="468" branch="false"/>
						<line number="141" hits="468" branch="true" condition-coverage="75% (3/4)">
							<conditions>
								<condition number="0" type="jump" coverage="100%"/>
								<condition number="1" type="jump" coverage="50%"/>
							</conditions>
						</line>
						<line number="142" hits="0" branch="false"/>
						<line number="143" hits="0" branch="false"/>
						<line number="144" hits="468" branch="true" condition-coverage="75% (3/4)">
							<conditions>
								<condition number="0" type="jump" coverage="50%"/>
								<condition number="1" type="jump" coverage="100%"/>
							</conditions>
						</line>
						<line number="146" hits="234" branch="true" condition-coverage="50% (1/2)">
							<conditions>
								<condition number="0" type="jump" coverage="50%"/>
							</conditions>
						</line>
						<line number="147" hits="234" branch="false"/>
						<line number="148" hits="234" branch="false"/>
						<line number="149" hits="0" branch="true" condition-coverage="0% (0/2)">
							<conditions>
								<condition number="0" type="jump" coverage="0%"/>
							</conditions>
						</line>
						<line number="150" hits="0" branch="false"/>
						<line number="151" hits="0" branch="true" condition-coverage="0% (0/2)">
							<conditions>
								<condition number="0" type="jump" coverage="0%"/>
							</conditions>
						</line>
						<line number="152" hits="0" branch="false"/>
						<line number="153" hits="0" branch="false"/>
						<line number="154" hits="0" branch="false"/>
						<line number="156" hits="0" branch="false"/>
						<line number="158" hits="234" branch="true" condition-coverage="50% (1/2)">
							<conditions>
								<condition number="0" type="jump" coverage="50%"/>
							</conditions>
						</line>
						<line number="159" hits="234" branch="false"/>
						<line number="160" hits="0" branch="true" condition-coverage="0% (0/2)">
							<conditions>
								<condition number="0" type="jump" coverage="0%"/>
							</conditions>
						</line>
						<line number="161" hits="0" branch="false"/>
						<line number="162" hits="0" branch="false"/>
						<line number="163" hits="0" branch="false"/>
						<line number="165" hits="0" branch="false"/>
						<line number="168" hits="540" branch="false"/>
						<line number="169" hits="378" branch="false"/>
						<line number="172" hits="972" branch="true" condition-coverage="100% (2/2)">
							<conditions>
								<condition number="0" type="jump" coverage="100%"/>
							</conditions>
						</line>
						<line number="173" hits="90" branch="true" condition-coverage="100% (2/2)">
							<conditions>
								<condition number="0" type="jump" coverage="100%"/>
							</conditions>
						</line>
						<line number="174" hits="54" branch="false"/>
						<line number="178" hits="270" branch="false"/>
					</lines>
				</class>
				<class name="org.apache.commons.cli.HelpFormatter" filename="org/apache/commons/cli/HelpFormatter.java" line-rate="0.5032258064516129" branch-rate="0.2653061224489796" complexity="3.0">
					<methods>
						<method name="&lt;init&gt;" signature="()V" line-rate="1.0" branch-rate="1.0">
							<lines>
								<line number="134" hits="18" branch="false"/>
								<line number="135" hits="18" branch="false"/>
								<line number="136" hits="18" branch="false"/>
								<line number="137" hits="18" branch="false"/>
								<line number="138" hits="18" branch="false"/>
								<line number="139" hits="18" branch="false"/>
								<line number="140" hits="18" branch="false"/>
								<line number="141" hits="18" branch="false"/>
								<line number="142" hits="18" branch="false"/>
								<line number="143" hits="18" branch="false"/>
							</lines>
						</method>
						<method name="createPadding" signature="(I)Ljava/lang/String;" line-rate="1.0" branch-rate="1.0">
							<lines>
								<line number="634" hits="36" branch="false"/>
								<line number="635" hits="108" branch="true" condition-coverage="100% (2/2)">
									<conditions>
										<condition number="0" type="jump" coverage="100%"/>
									</conditions>
								</line>
								<line number="636" hits="72" branch="false"/>
								<line number="638" hits="36" branch="false"/>
							</lines>
						</method>
						<method name="findWrapPos" signature="(Ljava/lang/String;II)I" line-rate="0.2857142857142857" branch-rate="0.1">
							<lines>
								<line number="595" hits="36" branch="false"/>
								<line number="597" hits="36" branch="true" condition-coverage="25% (2/8)">
									<conditions>
										<condition number="0" type="jump" coverage="50%"/>
										<condition number="1" type="jump" coverage="0%"/>
										<condition number="2" type="jump" coverage="50%"/>
										<condition number="3" type="jump" coverage="0%"/>
									</conditions>
								</line>
								<line number="599" hits="0" branch="false"/>
								<line number="600" hits="36" branch="true" condition-coverage="50% (1/2)">
									<conditions>
										<condition number="0" type="jump" coverage="50%"/>
									</conditions>
								</line>
								<line number="601" hits="36" branch="false"/>
								<line number="605" hits="0" branch="false"/>
								<line number="608" hits="0" branch="true" condition-coverage="0% (0/8)">
									<conditions>
										<condition number="0" type="jump" coverage="0%"/>
										<condition number="1" type="jump" coverage="0%"/>
										<condition number="2" type="jump" coverage="0%"/>
										<condition number="3" type="jump" coverage="0%"/>
									</conditions>
								</line>
								<line number="609" hits="0" branch="false"/>
								<line number="612" hits="0" branch="true" condition-coverage="0% (0/2)">
									<conditions>
										<condition number="0" type="jump" coverage="0%"/>
									</conditions>
								</line>
								<line number="613" hits="0" branch="false"/>
								<line number="617" hits="0" branch="false"/>
								<line number="619" hits="0" branch="true" condition-coverage="0% (0/8)">
									<conditions>
										<condition number="0" type="jump" coverage="0%"/>
										<condition number="1" type="jump" coverage="0%"/>
										<condition number="2" type="jump" coverage="0%"/>
										<condition number="3" type="jump" coverage="0%"/>
									</conditions>
								</line>
								<line number="620" hits="0" branch="false"/>
								<line number="622" hits="0" branch="true" condition-coverage="0% (0/2)">
									<conditions>
										<condition number="0" type="jump" coverage="0%"/>
									</conditions>
								</line>
							</lines>
						</method>
						<method name="printHelp" signature="(ILjava/lang/String;Ljava/lang/String;Lorg/apache/commons/cli/Options;Ljava/lang/String;)V" line-rate="0.0" branch-rate="1.0">
							<lines>
								<line number="216" hits="0" branch="false"/>
								<line number="217" hits="0" branch="false"/>
							</lines>
						</method>
						<method name="printHelp" signature="(ILjava/lang/String;Ljava/lang/String;Lorg/apache/commons/cli/Options;Ljava/lang/String;Z)V" line-rate="1.0" branch-rate="1.0">
							<lines>
								<line number="235" hits="18" branch="false"/>
								<line number="236" hits="18" branch="false"/>
								<line number="238" hits="18" branch="false"/>
								<line number="239" hits="18" branch="false"/>
							</lines>
						</method>
						<method name="printHelp" signature="(Ljava/io/PrintWriter;ILjava/lang/String;Ljava/lang/String;Lorg/apache/commons/cli/Options;IILjava/lang/String;)V" line-rate="0.0" branch-rate="1.0">
							<lines>
								<line number="263" hits="0" branch="false"/>
								<line number="265" hits="0" branch="false"/>
							</lines>
						</method>
						<method name="printHelp" signature="(Ljava/io/PrintWriter;ILjava/lang/String;Ljava/lang/String;Lorg/apache/commons/cli/Options;IILjava/lang/String;Z)V" line-rate="0.6363636363636364" branch-rate="0.35714285714285715">
							<lines>
								<line number="291" hits="18" branch="true" condition-coverage="50% (2/4)">
									<conditions>
										<condition number="0" type="jump" coverage="50%"/>
										<condition number="1" type="jump" coverage="50%"/>
									</conditions>
								</line>
								<line number="292" hits="0" branch="false"/>
								<line number="295" hits="18" branch="true" condition-coverage="50% (1/2)">
									<conditions>
										<condition number="0" type="jump" coverage="50%"/>
									</conditions>
								</line>
								<line number="296" hits="0" branch="false"/>
								<line number="298" hits="18" branch="false"/>
								<line number="301" hits="18" branch="true" condition-coverage="25% (1/4)">
									<conditions>
										<condition number="0" type="jump" coverage="50%"/>
										<condition number="1" type="jump" coverage="0%"/>
									</conditions>
								</line>
								<line number="302" hits="0" branch="false"/>
								<line number="304" hits="18" branch="false"/>
								<line number="305" hits="18" branch="true" condition-coverage="25% (1/4)">
									<conditions>
										<condition number="0" type="jump" coverage="50%"/>
										<condition number="1" type="jump" coverage="0%"/>
									</conditions>
								</line>
								<line number="306" hits="0" branch="false"/>
								<line number="308" hits="18" branch="false"/>
							</lines>
						</method>
						<method name="printHelp" signature="(Ljava/lang/String;Ljava/lang/String;Lorg/apache/commons/cli/Options;Ljava/lang/String;)V" line-rate="0.0" branch-rate="1.0">
							<lines>
								<line number="181" hits="0" branch="false"/>
								<line number="182" hits="0" branch="false"/>
							</lines>
						</method>
						<method name="printHelp" signature="(Ljava/lang/String;Ljava/lang/String;Lorg/apache/commons/cli/Options;Ljava/lang/String;Z)V" line-rate="0.0" branch-rate="1.0">
							<lines>
								<line number="198" hits="0" branch="false"/>
								<line number="200" hits="0" branch="false"/>
							</lines>
						</method>
						<method name="printHelp" signature="(Ljava/lang/String;Lorg/apache/commons/cli/Options;)V" line-rate="1.0" branch-rate="1.0">
							<lines>
								<line number="153" hits="18" branch="false"/>
								<line number="154" hits="18" branch="false"/>
							</lines>
						</method>
						<method name="printHelp" signature="(Ljava/lang/String;Lorg/apache/commons/cli/Options;Z)V" line-rate="0.0" branch-rate="1.0">
							<lines>
								<line number="166" hits="0" branch="false"/>
								<line number="167" hits="0" branch="false"/>
							</lines>
						</method>
						<method name="printOptions" signature="(Ljava/io/PrintWriter;ILorg/apache/commons/cli/Options;II)V" line-rate="1.0" branch-rate="1.0">
							<lines>
								<line number="434" hits="18" branch="false"/>
								<line number="435" hits="18" branch="false"/>
								<line number="436" hits="18" branch="false"/>
								<line number="437" hits="18" branch="false"/>
							</lines>
						</method>
						<method name="printUsage" signature="(Ljava/io/PrintWriter;ILjava/lang/String;)V" line-rate="1.0" branch-rate="1.0">
							<lines>
								<line number="418" hits="18" branch="false"/>
								<line number="419" hits="18" branch="false"/>
								<line number="421" hits="18" branch="false"/>
							</lines>
						</method>
						<method name="printUsage" signature="(Ljava/io/PrintWriter;ILjava/lang/String;Lorg/apache/commons/cli/Options;)V" line-rate="0.0" branch-rate="0.0">
							<lines>
								<line number="321" hits="0" branch="false"/>
								<line number="325" hits="0" branch="false"/>
								<line number="331" hits="0" branch="true" condition-coverage="0% (0/2)">
									<conditions>
										<condition number="0" type="jump" coverage="0%"/>
									</conditions>
								</line>
								<line number="333" hits="0" branch="false"/>
								<line number="336" hits="0" branch="false"/>
								<line number="345" hits="0" branch="true" condition-coverage="0% (0/2)">
									<conditions>
										<condition number="0" type="jump" coverage="0%"/>
									</conditions>
								</line>
								<line number="346" hits="0" branch="true" condition-coverage="0% (0/2)">
									<conditions>
										<condition number="0" type="jump" coverage="0%"/>
									</conditions>
								</line>
								<line number="348" hits="0" branch="false"/>
								<line number="351" hits="0" branch="false"/>
								<line number="353" hits="0" branch="false"/>
								<line number="356" hits="0" branch="true" condition-coverage="0% (0/2)">
									<conditions>
										<condition number="0" type="jump" coverage="0%"/>
									</conditions>
								</line>
								<line number="358" hits="0" branch="false"/>
								<line number="359" hits="0" branch="false"/>
								<line number="362" hits="0" branch="false"/>
								<line number="363" hits="0" branch="true" condition-coverage="0% (0/2)">
									<conditions>
										<condition number="0" type="jump" coverage="0%"/>
									</conditions>
								</line>
								<line number="364" hits="0" branch="false"/>
								<line number="367" hits="0" branch="true" condition-coverage="0% (0/2)">
									<conditions>
										<condition number="0" type="jump" coverage="0%"/>
									</conditions>
								</line>
								<line number="368" hits="0" branch="false"/>
								<line number="370" hits="0" branch="false"/>
								<line number="371" hits="0" branch="false"/>
								<line number="373" hits="0" branch="false"/>
								<line number="378" hits="0" branch="true" condition-coverage="0% (0/2)">
									<conditions>
										<condition number="0" type="jump" coverage="0%"/>
									</conditions>
								</line>
								<line number="379" hits="0" branch="false"/>
								<line number="382" hits="0" branch="true" condition-coverage="0% (0/2)">
									<conditions>
										<condition number="0" type="jump" coverage="0%"/>
									</conditions>
								</line>
								<line number="383" hits="0" branch="false"/>
								<line number="385" hits="0" branch="false"/>
								<line number="388" hits="0" branch="true" condition-coverage="0% (0/2)">
									<conditions>
										<condition number="0" type="jump" coverage="0%"/>
									</conditions>
								</line>
								<line number="389" hits="0" branch="false"/>
								<line number="393" hits="0" branch="true" condition-coverage="0% (0/2)">
									<conditions>
										<condition number="0" type="jump" coverage="0%"/>
									</conditions>
								</line>
								<line number="394" hits="0" branch="false"/>
								<line number="398" hits="0" branch="true" condition-coverage="0% (0/2)">
									<conditions>
										<condition number="0" type="jump" coverage="0%"/>
									</conditions>
								</line>
								<line number="399" hits="0" branch="false"/>
								<line number="401" hits="0" branch="false"/>
								<line number="403" hits="0" branch="false"/>
								<line number="406" hits="0" branch="false"/>
								<line number="408" hits="0" branch="false"/>
							</lines>
						</method>
						<method name="printWrapped" signature="(Ljava/io/PrintWriter;IILjava/lang/String;)V" line-rate="1.0" branch-rate="1.0">
							<lines>
								<line number="460" hits="18" branch="false"/>
								<line number="461" hits="18" branch="false"/>
								<line number="462" hits="18" branch="false"/>
								<line number="463" hits="18" branch="false"/>
							</lines>
						</method>
						<method name="printWrapped" signature="(Ljava/io/PrintWriter;ILjava/lang/String;)V" line-rate="0.0" branch-rate="1.0">
							<lines>
								<line number="447" hits="0" branch="false"/>
								<line number="448" hits="0" branch="false"/>
							</lines>
						</method>
						<method name="renderOptions" signature="(Ljava/lang/StringBuffer;ILorg/apache/commons/cli/Options;II)Ljava/lang/StringBuffer;" line-rate="0.8484848484848485" branch-rate="0.6111111111111112">
							<lines>
								<line number="481" hits="18" branch="false"/>
								<line number="482" hits="18" branch="false"/>
								<line number="488" hits="18" branch="false"/>
								<line number="490" hits="18" branch="false"/>
								<line number="492" hits="18" branch="false"/>
								<line number="493" hits="18" branch="false"/>
								<line number="494" hits="18" branch="true" condition-coverage="100% (2/2)">
									<conditions>
										<condition number="0" type="jump" coverage="100%"/>
									</conditions>
								</line>
								<line number="495" hits="18" branch="false"/>
								<line number="496" hits="18" branch="false"/>
								<line number="498" hits="18" branch="true" condition-coverage="50% (1/2)">
									<conditions>
										<condition number="0" type="jump" coverage="50%"/>
									</conditions>
								</line>
								<line number="499" hits="0" branch="false"/>
								<line number="502" hits="18" branch="false"/>
								<line number="504" hits="18" branch="true" condition-coverage="50% (1/2)">
									<conditions>
										<condition number="0" type="jump" coverage="50%"/>
									</conditions>
								</line>
								<line number="505" hits="0" branch="false"/>
								<line number="510" hits="18" branch="true" condition-coverage="50% (1/2)">
									<conditions>
										<condition number="0" type="jump" coverage="50%"/>
									</conditions>
								</line>
								<line number="511" hits="18" branch="true" condition-coverage="50% (1/2)">
									<conditions>
										<condition number="0" type="jump" coverage="50%"/>
									</conditions>
								</line>
								<line number="512" hits="0" branch="false"/>
								<line number="514" hits="18" branch="false"/>
								<line number="518" hits="18" branch="false"/>
								<line number="519" hits="18" branch="true" condition-coverage="50% (1/2)">
									<conditions>
										<condition number="0" type="jump" coverage="50%"/>
									</conditions>
								</line>
								<line number="521" hits="18" branch="false"/>
								<line number="522" hits="18" branch="true" condition-coverage="100% (2/2)">
									<conditions>
										<condition number="0" type="jump" coverage="100%"/>
									</conditions>
								</line>
								<line number="523" hits="18" branch="false"/>
								<line number="524" hits="18" branch="false"/>
								<line number="526" hits="18" branch="true" condition-coverage="50% (1/2)">
									<conditions>
										<condition number="0" type="jump" coverage="50%"/>
									</conditions>
								</line>
								<line number="527" hits="0" branch="false"/>
								<line number="529" hits="18" branch="false"/>
								<line number="531" hits="18" branch="false"/>
								<line number="532" hits="18" branch="false"/>
								<line number="534" hits="18" branch="true" condition-coverage="50% (1/2)">
									<conditions>
										<condition number="0" type="jump" coverage="50%"/>
									</conditions>
								</line>
								<line number="535" hits="0" branch="false"/>
								<line number="537" hits="18" branch="false"/>
								<line number="539" hits="18" branch="false"/>
							</lines>
						</method>
						<method name="renderWrappedText" signature="(Ljava/lang/StringBuffer;IILjava/lang/String;)Ljava/lang/StringBuffer;" line-rate="0.3333333333333333" branch-rate="0.25">
							<lines>
								<line number="556" hits="36" branch="false"/>
								<line number="557" hits="36" branch="true" condition-coverage="50% (1/2)">
									<conditions>
										<condition number="0" type="jump" coverage="50%"/>
									</conditions>
								</line>
								<line number="558" hits="36" branch="false"/>
								<line number="559" hits="36" branch="false"/>
								<line number="561" hits="0" branch="false"/>
								<line number="566" hits="0" branch="false"/>
								<line number="569" hits="0" branch="false"/>
								<line number="570" hits="0" branch="false"/>
								<line number="571" hits="0" branch="true" condition-coverage="0% (0/2)">
									<conditions>
										<condition number="0" type="jump" coverage="0%"/>
									</conditions>
								</line>
								<line number="572" hits="0" branch="false"/>
								<line number="573" hits="0" branch="false"/>
								<line number="576" hits="0" branch="false"/>
							</lines>
						</method>
						<method name="rtrim" signature="(Ljava/lang/String;)Ljava/lang/String;" line-rate="0.6666666666666666" branch-rate="0.5">
							<lines>
								<line number="649" hits="36" branch="true" condition-coverage="50% (2/4)">
									<conditions>
										<condition number="0" type="jump" coverage="50%"/>
										<condition number="1" type="jump" coverage="50%"/>
									</conditions>
								</line>
								<line number="650" hits="0" branch="false"/>
								<line number="653" hits="36" branch="false"/>
								<line number="654" hits="36" branch="true" condition-coverage="50% (2/4)">
									<conditions>
										<condition number="0" type="jump" coverage="50%"/>
										<condition number="1" type="jump" coverage="50%"/>
									</conditions>
								</line>
								<line number="655" hits="0" branch="false"/>
								<line number="657" hits="36" branch="false"/>
							</lines>
						</method>
					</methods>
					<lines>
						<line number="134" hits="18" branch="false"/>
						<line number="135" hits="18" branch="false"/>
						<line number="136" hits="18" branch="false"/>
						<line number="137" hits="18" branch="false"/>
						<line number="138" hits="18" branch="false"/>
						<line number="139" hits="18" branch="false"/>
						<line number="140" hits="18" branch="false"/>
						<line number="141" hits="18" branch="false"/>
						<line number="142" hits="18" branch="false"/>
						<line number="143" hits="18" branch="false"/>
						<line number="153" hits="18" branch="false"/>
						<line number="154" hits="18" branch="false"/>
						<line number="166" hits="0" branch="false"/>
						<line number="167" hits="0" branch="false"/>
						<line number="181" hits="0" branch="false"/>
						<line number="182" hits="0" branch="false"/>
						<line number="198" hits="0" branch="false"/>
						<line number="200" hits="0" branch="false"/>
						<line number="216" hits="0" branch="false"/>
						<line number="217" hits="0" branch="false"/>
						<line number="235" hits="18" branch="false"/>
						<line number="236" hits="18" branch="false"/>
						<line number="238" hits="18" branch="false"/>
						<line number="239" hits="18" branch="false"/>
						<line number="263" hits="0" branch="false"/>
						<line number="265" hits="0" branch="false"/>
						<line number="291" hits="18" branch="true" condition-coverage="50% (2/4)">
							<conditions>
								<condition number="0" type="jump" coverage="50%"/>
								<condition number="1" type="jump" coverage="50%"/>
							</conditions>
						</line>
						<line number="292" hits="0" branch="false"/>
						<line number="295" hits="18" branch="true" condition-coverage="50% (1/2)">
							<conditions>
								<condition number="0" type="jump" coverage="50%"/>
							</conditions>
						</line>
						<line number="296" hits="0" branch="false"/>
						<line number="298" hits="18" branch="false"/>
						<line number="301" hits="18" branch="true" condition-coverage="25% (1/4)">
							<conditions>
								<condition number="0" type="jump" coverage="50%"/>
								<condition number="1" type="jump" coverage="0%"/>
							</conditions>
						</line>
						<line number="302" hits="0" branch="false"/>
						<line number="304" hits="18" branch="false"/>
						<line number="305" hits="18" branch="true" condition-coverage="25% (1/4)">
							<conditions>
								<condition number="0" type="jump" coverage="50%"/>
								<condition number="1" type="jump" coverage="0%"/>
							</conditions>
						</line>
						<line number="306" hits="0" branch="false"/>
						<line number="308" hits="18" branch="false"/>
						<line number="321" hits="0" branch="false"/>
						<line number="325" hits="0" branch="false"/>
						<line number="331" hits="0" branch="true" condition-coverage="0% (0/2)">
							<conditions>
								<condition number="0" type="jump" coverage="0%"/>
							</conditions>
						</line>
						<line number="333" hits="0" branch="false"/>
						<line number="336" hits="0" branch="false"/>
						<line number="345" hits="0" branch="true" condition-coverage="0% (0/2)">
							<conditions>
								<condition number="0" type="jump" coverage="0%"/>
							</conditions>
						</line>
						<line number="346" hits="0" branch="true" condition-coverage="0% (0/2)">
							<conditions>
								<condition number="0" type="jump" coverage="0%"/>
							</conditions>
						</line>
						<line number="348" hits="0" branch="false"/>
						<line number="351" hits="0" branch="false"/>
						<line number="353" hits="0" branch="false"/>
						<line number="356" hits="0" branch="true" condition-coverage="0% (0/2)">
							<conditions>
								<condition number="0" type="jump" coverage="0%"/>
							</conditions>
						</line>
						<line number="358" hits="0" branch="false"/>
						<line number="359" hits="0" branch="false"/>
						<line number="362" hits="0" branch="false"/>
						<line number="363" hits="0" branch="true" condition-coverage="0% (0/2)">
							<conditions>
								<condition number="0" type="jump" coverage="0%"/>
							</conditions>
						</line>
						<line number="364" hits="0" branch="false"/>
						<line number="367" hits="0" branch="true" condition-coverage="0% (0/2)">
							<conditions>
								<condition number="0" type="jump" coverage="0%"/>
							</conditions>
						</line>
						<line number="368" hits="0" branch="false"/>
						<line number="370" hits="0" branch="false"/>
						<line number="371" hits="0" branch="false"/>
						<line number="373" hits="0" branch="false"/>
						<line number="378" hits="0" branch="true" condition-coverage="0% (0/2)">
							<conditions>
								<condition number="0" type="jump" coverage="0%"/>
							</conditions>
						</line>
						<line number="379" hits="0" branch="false"/>
						<line number="382" hits="0" branch="true" condition-coverage="0% (0/2)">
							<conditions>
								<condition number="0" type="jump" coverage="0%"/>
							</conditions>
						</line>
						<line number="383" hits="0" branch="false"/>
						<line number="385" hits="0" branch="false"/>
						<line number="388" hits="0" branch="true" condition-coverage="0% (0/2)">
							<conditions>
								<condition number="0" type="jump" coverage="0%"/>
							</conditions>
						</line>
						<line number="389" hits="0" branch="false"/>
						<line number="393" hits="0" branch="true" condition-coverage="0% (0/2)">
							<conditions>
								<condition number="0" type="jump" coverage="0%"/>
							</conditions>
						</line>
						<line number="394" hits="0" branch="false"/>
						<line number="398" hits="0" branch="true" condition-coverage="0% (0/2)">
							<conditions>
								<condition number="0" type="jump" coverage="0%"/>
							</conditions>
						</line>
						<line number="399" hits="0" branch="false"/>
						<line number="401" hits="0" branch="false"/>
						<line number="403" hits="0" branch="false"/>
						<line number="406" hits="0" branch="false"/>
						<line number="408" hits="0" branch="false"/>
						<line number="418" hits="18" branch="false"/>
						<line number="419" hits="18" branch="false"/>
						<line number="421" hits="18" branch="false"/>
						<line number="434" hits="18" branch="false"/>
						<line number="435" hits="18" branch="false"/>
						<line number="436" hits="18" branch="false"/>
						<line number="437" hits="18" branch="false"/>
						<line number="447" hits="0" branch="false"/>
						<line number="448" hits="0" branch="false"/>
						<line number="460" hits="18" branch="false"/>
						<line number="461" hits="18" branch="false"/>
						<line number="462" hits="18" branch="false"/>
						<line number="463" hits="18" branch="false"/>
						<line number="481" hits="18" branch="false"/>
						<line number="482" hits="18" branch="false"/>
						<line number="488" hits="18" branch="false"/>
						<line number="490" hits="18" branch="false"/>
						<line number="492" hits="18" branch="false"/>
						<line number="493" hits="18" branch="false"/>
						<line number="494" hits="18" branch="true" condition-coverage="100% (2/2)">
							<conditions>
								<condition number="0" type="jump" coverage="100%"/>
							</conditions>
						</line>
						<line number="495" hits="18" branch="false"/>
						<line number="496" hits="18" branch="false"/>
						<line number="498" hits="18" branch="true" condition-coverage="50% (1/2)">
							<conditions>
								<condition number="0" type="jump" coverage="50%"/>
							</conditions>
						</line>
						<line number="499" hits="0" branch="false"/>
						<line number="502" hits="18" branch="false"/>
						<line number="504" hits="18" branch="true" condition-coverage="50% (1/2)">
							<conditions>
								<condition number="0" type="jump" coverage="50%"/>
							</conditions>
						</line>
						<line number="505" hits="0" branch="false"/>
						<line number="510" hits="18" branch="true" condition-coverage="50% (1/2)">
							<conditions>
								<condition number="0" type="jump" coverage="50%"/>
							</conditions>
						</line>
						<line number="511" hits="18" branch="true" condition-coverage="50% (1/2)">
							<conditions>
								<condition number="0" type="jump" coverage="50%"/>
							</conditions>
						</line>
						<line number="512" hits="0" branch="false"/>
						<line number="514" hits="18" branch="false"/>
						<line number="518" hits="18" branch="false"/>
						<line number="519" hits="18" branch="true" condition-coverage="50% (1/2)">
							<conditions>
								<condition number="0" type="jump" coverage="50%"/>
							</conditions>
						</line>
						<line number="521" hits="18" branch="false"/>
						<line number="522" hits="18" branch="true" condition-coverage="100% (2/2)">
							<conditions>
								<condition number="0" type="jump" coverage="100%"/>
							</conditions>
						</line>
						<line number="523" hits="18" branch="false"/>
						<line number="524" hits="18" branch="false"/>
						<line number="526" hits="18" branch="true" condition-coverage="50% (1/2)">
							<conditions>
								<condition number="0" type="jump" coverage="50%"/>
							</conditions>
						</line>
						<line number="527" hits="0" branch="false"/>
						<line number="529" hits="18" branch="false"/>
						<line number="531" hits="18" branch="false"/>
						<line number="532" hits="18" branch="false"/>
						<line number="534" hits="18" branch="true" condition-coverage="50% (1/2)">
							<conditions>
								<condition number="0" type="jump" coverage="50%"/>
							</conditions>
						</line>
						<line number="535" hits="0" branch="false"/>
						<line number="537" hits="18" branch="false"/>
						<line number="539" hits="18" branch="false"/>
						<line number="556" hits="36" branch="false"/>
						<line number="557" hits="36" branch="true" condition-coverage="50% (1/2)">
							<conditions>
								<condition number="0" type="jump" coverage="50%"/>
							</conditions>
						</line>
						<line number="558" hits="36" branch="false"/>
						<line number="559" hits="36" branch="false"/>
						<line number="561" hits="0" branch="false"/>
						<line number="566" hits="0" branch="false"/>
						<line number="569" hits="0" branch="false"/>
						<line number="570" hits="0" branch="false"/>
						<line number="571" hits="0" branch="true" condition-coverage="0% (0/2)">
							<conditions>
								<condition number="0" type="jump" coverage="0%"/>
							</conditions>
						</line>
						<line number="572" hits="0" branch="false"/>
						<line number="573" hits="0" branch="false"/>
						<line number="576" hits="0" branch="false"/>
						<line number="595" hits="36" branch="false"/>
						<line number="597" hits="36" branch="true" condition-coverage="25% (2/8)">
							<conditions>
								<condition number="0" type="jump" coverage="50%"/>
								<condition number="1" type="jump" coverage="0%"/>
								<condition number="2" type="jump" coverage="50%"/>
								<condition number="3" type="jump" coverage="0%"/>
							</conditions>
						</line>
						<line number="599" hits="0" branch="false"/>
						<line number="600" hits="36" branch="true" condition-coverage="50% (1/2)">
							<conditions>
								<condition number="0" type="jump" coverage="50%"/>
							</conditions>
						</line>
						<line number="601" hits="36" branch="false"/>
						<line number="605" hits="0" branch="false"/>
						<line number="608" hits="0" branch="true" condition-coverage="0% (0/8)">
							<conditions>
								<condition number="0" type="jump" coverage="0%"/>
								<condition number="1" type="jump" coverage="0%"/>
								<condition number="2" type="jump" coverage="0%"/>
								<condition number="3" type="jump" coverage="0%"/>
							</conditions>
						</line>
						<line number="609" hits="0" branch="false"/>
						<line number="612" hits="0" branch="true" condition-coverage="0% (0/2)">
							<conditions>
								<condition number="0" type="jump" coverage="0%"/>
							</conditions>
						</line>
						<line number="613" hits="0" branch="false"/>
						<line number="617" hits="0" branch="false"/>
						<line number="619" hits="0" branch="true" condition-coverage="0% (0/8)">
							<conditions>
								<condition number="0" type="jump" coverage="0%"/>
								<condition number="1" type="jump" coverage="0%"/>
								<condition number="2" type="jump" coverage="0%"/>
								<condition number="3" type="jump" coverage="0%"/>
							</conditions>
						</line>
						<line number="620" hits="0" branch="false"/>
						<line number="622" hits="0" branch="true" condition-coverage="0% (0/2)">
							<conditions>
								<condition number="0" type="jump" coverage="0%"/>
							</conditions>
						</line>
						<line number="634" hits="36" branch="false"/>
						<line number="635" hits="108" branch="true" condition-coverage="100% (2/2)">
							<conditions>
								<condition number="0" type="jump" coverage="100%"/>
							</conditions>
						</line>
						<line number="636" hits="72" branch="false"/>
						<line number="638" hits="36" branch="false"/>
						<line number="649" hits="36" branch="true" condition-coverage="50% (2/4)">
							<conditions>
								<condition number="0" type="jump" coverage="50%"/>
								<condition number="1" type="jump" coverage="50%"/>
							</conditions>
						</line>
						<line number="650" hits="0" branch="false"/>
						<line number="653" hits="36" branch="false"/>
						<line number="654" hits="36" branch="true" condition-coverage="50% (2/4)">
							<conditions>
								<condition number="0" type="jump" coverage="50%"/>
								<condition number="1" type="jump" coverage="50%"/>
							</conditions>
						</line>
						<line number="655" hits="0" branch="false"/>
						<line number="657" hits="36" branch="false"/>
					</lines>
				</class>
				<class name="org.apache.commons.cli.HelpFormatter$1" filename="org/apache/commons/cli/HelpFormatter.java" line-rate="1.0" branch-rate="1.0" complexity="3.0">
					<methods>
					</methods>
					<lines>
					</lines>
				</class>
				<class name="org.apache.commons.cli.HelpFormatter$StringBufferComparator" filename="org/apache/commons/cli/HelpFormatter.java" line-rate="0.125" branch-rate="0.0" complexity="3.0">
					<methods>
						<method name="&lt;init&gt;" signature="()V" line-rate="1.0" branch-rate="1.0">
							<lines>
							</lines>
						</method>
						<method name="&lt;init&gt;" signature="(Lorg/apache/commons/cli/HelpFormatter$1;)V" line-rate="1.0" branch-rate="1.0">
							<lines>
								<line number="665" hits="36" branch="false"/>
							</lines>
						</method>
						<method name="compare" signature="(Ljava/lang/Object;Ljava/lang/Object;)I" line-rate="0.0" branch-rate="1.0">
							<lines>
								<line number="675" hits="0" branch="false"/>
								<line number="676" hits="0" branch="false"/>
								<line number="677" hits="0" branch="false"/>
							</lines>
						</method>
						<method name="stripPrefix" signature="(Ljava/lang/String;)Ljava/lang/String;" line-rate="0.0" branch-rate="0.0">
							<lines>
								<line number="689" hits="0" branch="false"/>
								<line number="690" hits="0" branch="true" condition-coverage="0% (0/2)">
									<conditions>
										<condition number="0" type="jump" coverage="0%"/>
									</conditions>
								</line>
								<line number="691" hits="0" branch="false"/>
								<line number="693" hits="0" branch="false"/>
							</lines>
						</method>
					</methods>
					<lines>
						<line number="665" hits="36" branch="false"/>
						<line number="675" hits="0" branch="false"/>
						<line number="676" hits="0" branch="false"/>
						<line number="677" hits="0" branch="false"/>
						<line number="689" hits="0" branch="false"/>
						<line number="690" hits="0" branch="true" condition-coverage="0% (0/2)">
							<conditions>
								<condition number="0" type="jump" coverage="0%"/>
							</conditions>
						</line>
						<line number="691" hits="0" branch="false"/>
						<line number="693" hits="0" branch="false"/>
					</lines>
				</class>
				<class name="org.apache.commons.cli.MissingArgumentException" filename="org/apache/commons/cli/MissingArgumentException.java" line-rate="1.0" branch-rate="1.0" complexity="1.0">
					<methods>
						<method name="&lt;init&gt;" signature="(Ljava/lang/String;)V" line-rate="1.0" branch-rate="1.0">
							<lines>
								<line number="83" hits="54" branch="false"/>
								<line number="84" hits="54" branch="false"/>
							</lines>
						</method>
					</methods>
					<lines>
						<line number="83" hits="54" branch="false"/>
						<line number="84" hits="54" branch="false"/>
					</lines>
				</class>
				<class name="org.apache.commons.cli.MissingOptionException" filename="org/apache/commons/cli/MissingOptionException.java" line-rate="1.0" branch-rate="1.0" complexity="1.0">
					<methods>
						<method name="&lt;init&gt;" signature="(Ljava/lang/String;)V" line-rate="1.0" branch-rate="1.0">
							<lines>
								<line number="82" hits="54" branch="false"/>
								<line number="83" hits="54" branch="false"/>
							</lines>
						</method>
					</methods>
					<lines>
						<line number="82" hits="54" branch="false"/>
						<line number="83" hits="54" branch="false"/>
					</lines>
				</class>
				<class name="org.apache.commons.cli.NumberUtils" filename="org/apache/commons/cli/NumberUtils.java" line-rate="0.12698412698412698" branch-rate="0.07239819004524888" complexity="7.2105263157894735">
					<methods>
						<method name="&lt;init&gt;" signature="()V" line-rate="0.0" branch-rate="1.0">
							<lines>
								<line number="50" hits="0" branch="false"/>
								<line number="51" hits="0" branch="false"/>
							</lines>
						</method>
						<method name="compare" signature="(DD)I" line-rate="0.0" branch-rate="0.0">
							<lines>
								<line number="517" hits="0" branch="true" condition-coverage="0% (0/2)">
									<conditions>
										<condition number="0" type="jump" coverage="0%"/>
									</conditions>
								</line>
								<line number="518" hits="0" branch="false"/>
								<line number="520" hits="0" branch="true" condition-coverage="0% (0/2)">
									<conditions>
										<condition number="0" type="jump" coverage="0%"/>
									</conditions>
								</line>
								<line number="521" hits="0" branch="false"/>
								<line number="527" hits="0" branch="false"/>
								<line number="528" hits="0" branch="false"/>
								<line number="529" hits="0" branch="true" condition-coverage="0% (0/2)">
									<conditions>
										<condition number="0" type="jump" coverage="0%"/>
									</conditions>
								</line>
								<line number="530" hits="0" branch="false"/>
								<line number="538" hits="0" branch="true" condition-coverage="0% (0/2)">
									<conditions>
										<condition number="0" type="jump" coverage="0%"/>
									</conditions>
								</line>
								<line number="539" hits="0" branch="false"/>
								<line number="541" hits="0" branch="false"/>
							</lines>
						</method>
						<method name="compare" signature="(FF)I" line-rate="0.0" branch-rate="0.0">
							<lines>
								<line number="583" hits="0" branch="true" condition-coverage="0% (0/2)">
									<conditions>
										<condition number="0" type="jump" coverage="0%"/>
									</conditions>
								</line>
								<line number="584" hits="0" branch="false"/>
								<line number="586" hits="0" branch="true" condition-coverage="0% (0/2)">
									<conditions>
										<condition number="0" type="jump" coverage="0%"/>
									</conditions>
								</line>
								<line number="587" hits="0" branch="false"/>
								<line number="593" hits="0" branch="false"/>
								<line number="594" hits="0" branch="false"/>
								<line number="595" hits="0" branch="true" condition-coverage="0% (0/2)">
									<conditions>
										<condition number="0" type="jump" coverage="0%"/>
									</conditions>
								</line>
								<line number="596" hits="0" branch="false"/>
								<line number="604" hits="0" branch="true" condition-coverage="0% (0/2)">
									<conditions>
										<condition number="0" type="jump" coverage="0%"/>
									</conditions>
								</line>
								<line number="605" hits="0" branch="false"/>
								<line number="607" hits="0" branch="false"/>
							</lines>
						</method>
						<method name="createBigDecimal" signature="(Ljava/lang/String;)Ljava/math/BigDecimal;" line-rate="0.0" branch-rate="1.0">
							<lines>
								<line number="394" hits="0" branch="false"/>
								<line number="395" hits="0" branch="false"/>
							</lines>
						</method>
						<method name="createBigInteger" signature="(Ljava/lang/String;)Ljava/math/BigInteger;" line-rate="0.0" branch-rate="1.0">
							<lines>
								<line number="380" hits="0" branch="false"/>
								<line number="381" hits="0" branch="false"/>
							</lines>
						</method>
						<method name="createDouble" signature="(Ljava/lang/String;)Ljava/lang/Double;" line-rate="0.0" branch-rate="1.0">
							<lines>
								<line number="339" hits="0" branch="false"/>
							</lines>
						</method>
						<method name="createFloat" signature="(Ljava/lang/String;)Ljava/lang/Float;" line-rate="1.0" branch-rate="1.0">
							<lines>
								<line number="326" hits="36" branch="false"/>
							</lines>
						</method>
						<method name="createInteger" signature="(Ljava/lang/String;)Ljava/lang/Integer;" line-rate="0.0" branch-rate="1.0">
							<lines>
								<line number="354" hits="0" branch="false"/>
							</lines>
						</method>
						<method name="createLong" signature="(Ljava/lang/String;)Ljava/lang/Long;" line-rate="0.0" branch-rate="1.0">
							<lines>
								<line number="367" hits="0" branch="false"/>
							</lines>
						</method>
						<method name="createNumber" signature="(Ljava/lang/String;)Ljava/lang/Number;" line-rate="0.27941176470588236" branch-rate="0.16049382716049382">
							<lines>
								<line number="147" hits="36" branch="true" condition-coverage="50% (1/2)">
									<conditions>
										<condition number="0" type="jump" coverage="50%"/>
									</conditions>
								</line>
								<line number="148" hits="0" branch="false"/>
								<line number="150" hits="36" branch="true" condition-coverage="50% (1/2)">
									<conditions>
										<condition number="0" type="jump" coverage="50%"/>
									</conditions>
								</line>
								<line number="151" hits="0" branch="false"/>
								<line number="153" hits="36" branch="true" condition-coverage="50% (1/2)">
									<conditions>
										<condition number="0" type="jump" coverage="50%"/>
									</conditions>
								</line>
								<line number="158" hits="0" branch="false"/>
								<line number="160" hits="36" branch="true" condition-coverage="50% (2/4)">
									<conditions>
										<condition number="0" type="jump" coverage="50%"/>
										<condition number="1" type="jump" coverage="50%"/>
									</conditions>
								</line>
								<line number="161" hits="0" branch="false"/>
								<line number="163" hits="36" branch="false"/>
								<line number="167" hits="36" branch="false"/>
								<line number="168" hits="36" branch="false"/>
								<line number="170" hits="36" branch="true" condition-coverage="50% (1/2)">
									<conditions>
										<condition number="0" type="jump" coverage="50%"/>
									</conditions>
								</line>
								<line number="171" hits="36" branch="true" condition-coverage="50% (1/2)">
									<conditions>
										<condition number="0" type="jump" coverage="50%"/>
									</conditions>
								</line>
								<line number="172" hits="0" branch="true" condition-coverage="0% (0/2)">
									<conditions>
										<condition number="0" type="jump" coverage="0%"/>
									</conditions>
								</line>
								<line number="173" hits="0" branch="false"/>
								<line number="176" hits="0" branch="false"/>
								<line number="178" hits="36" branch="false"/>
								<line number="180" hits="36" branch="false"/>
								<line number="182" hits="0" branch="true" condition-coverage="0% (0/2)">
									<conditions>
										<condition number="0" type="jump" coverage="0%"/>
									</conditions>
								</line>
								<line number="183" hits="0" branch="false"/>
								<line number="185" hits="0" branch="false"/>
								<line number="187" hits="0" branch="false"/>
								<line number="189" hits="36" branch="true" condition-coverage="50% (1/2)">
									<conditions>
										<condition number="0" type="jump" coverage="50%"/>
									</conditions>
								</line>
								<line number="190" hits="0" branch="true" condition-coverage="0% (0/4)">
									<conditions>
										<condition number="0" type="jump" coverage="0%"/>
										<condition number="1" type="jump" coverage="0%"/>
									</conditions>
								</line>
								<line number="191" hits="0" branch="false"/>
								<line number="193" hits="0" branch="false"/>
								<line number="196" hits="0" branch="false"/>
								<line number="197" hits="0" branch="true" condition-coverage="0% (0/4)">
									<conditions>
										<condition number="0" type="jump" coverage="0%"/>
										<condition number="1" type="jump" coverage="0%"/>
									</conditions>
								</line>
								<line number="198" hits="0" branch="true" condition-coverage="0% (0/7)">
									<conditions>
										<condition number="0" type="switch" coverage="0%"/>
									</conditions>
								</line>
								<line number="201" hits="0" branch="true" condition-coverage="0% (0/10)">
									<conditions>
										<condition number="0" type="jump" coverage="0%"/>
										<condition number="1" type="jump" coverage="0%"/>
										<condition number="2" type="jump" coverage="0%"/>
										<condition number="3" type="jump" coverage="0%"/>
										<condition number="4" type="jump" coverage="0%"/>
									</conditions>
								</line>
								<line number="207" hits="0" branch="false"/>
								<line number="208" hits="0" branch="false"/>
								<line number="211" hits="0" branch="false"/>
								<line number="213" hits="0" branch="false"/>
								<line number="218" hits="0" branch="false"/>
								<line number="219" hits="0" branch="true" condition-coverage="0% (0/6)">
									<conditions>
										<condition number="0" type="jump" coverage="0%"/>
										<condition number="1" type="jump" coverage="0%"/>
										<condition number="2" type="jump" coverage="0%"/>
									</conditions>
								</line>
								<line number="225" hits="0" branch="false"/>
								<line number="227" hits="0" branch="false"/>
								<line number="228" hits="0" branch="false"/>
								<line number="233" hits="0" branch="false"/>
								<line number="234" hits="0" branch="true" condition-coverage="0% (0/6)">
									<conditions>
										<condition number="0" type="jump" coverage="0%"/>
										<condition number="1" type="jump" coverage="0%"/>
										<condition number="2" type="jump" coverage="0%"/>
									</conditions>
								</line>
								<line number="236" hits="0" branch="false"/>
								<line number="238" hits="0" branch="false"/>
								<line number="239" hits="0" branch="false"/>
								<line number="241" hits="0" branch="false"/>
								<line number="242" hits="0" branch="false"/>
								<line number="246" hits="0" branch="false"/>
								<line number="252" hits="36" branch="true" condition-coverage="25% (1/4)">
									<conditions>
										<condition number="0" type="jump" coverage="50%"/>
										<condition number="1" type="jump" coverage="0%"/>
									</conditions>
								</line>
								<line number="253" hits="0" branch="false"/>
								<line number="255" hits="36" branch="false"/>
								<line number="257" hits="36" branch="true" condition-coverage="25% (1/4)">
									<conditions>
										<condition number="0" type="jump" coverage="50%"/>
										<condition number="1" type="jump" coverage="0%"/>
									</conditions>
								</line>
								<line number="260" hits="0" branch="false"/>
								<line number="261" hits="0" branch="false"/>
								<line number="264" hits="0" branch="false"/>
								<line number="265" hits="0" branch="false"/>
								<line number="267" hits="0" branch="false"/>
								<line number="270" hits="36" branch="true" condition-coverage="25% (1/4)">
									<conditions>
										<condition number="0" type="jump" coverage="50%"/>
										<condition number="1" type="jump" coverage="0%"/>
									</conditions>
								</line>
								<line number="272" hits="36" branch="false"/>
								<line number="273" hits="36" branch="true" condition-coverage="33% (2/6)">
									<conditions>
										<condition number="0" type="jump" coverage="50%"/>
										<condition number="1" type="jump" coverage="50%"/>
										<condition number="2" type="jump" coverage="0%"/>
									</conditions>
								</line>
								<line number="275" hits="36" branch="false"/>
								<line number="277" hits="0" branch="false"/>
								<line number="278" hits="0" branch="false"/>
								<line number="280" hits="0" branch="false"/>
								<line number="281" hits="0" branch="true" condition-coverage="0% (0/6)">
									<conditions>
										<condition number="0" type="jump" coverage="0%"/>
										<condition number="1" type="jump" coverage="0%"/>
										<condition number="2" type="jump" coverage="0%"/>
									</conditions>
								</line>
								<line number="283" hits="0" branch="false"/>
								<line number="285" hits="0" branch="false"/>
								<line number="286" hits="0" branch="false"/>
								<line number="288" hits="0" branch="false"/>
							</lines>
						</method>
						<method name="isAllZeros" signature="(Ljava/lang/String;)Z" line-rate="0.6666666666666666" branch-rate="0.375">
							<lines>
								<line number="303" hits="36" branch="true" condition-coverage="50% (1/2)">
									<conditions>
										<condition number="0" type="jump" coverage="50%"/>
									</conditions>
								</line>
								<line number="304" hits="0" branch="false"/>
								<line number="306" hits="36" branch="true" condition-coverage="50% (1/2)">
									<conditions>
										<condition number="0" type="jump" coverage="50%"/>
									</conditions>
								</line>
								<line number="307" hits="36" branch="true" condition-coverage="50% (1/2)">
									<conditions>
										<condition number="0" type="jump" coverage="50%"/>
									</conditions>
								</line>
								<line number="308" hits="36" branch="false"/>
								<line number="311" hits="0" branch="true" condition-coverage="0% (0/2)">
									<conditions>
										<condition number="0" type="jump" coverage="0%"/>
									</conditions>
								</line>
							</lines>
						</method>
						<method name="isDigits" signature="(Ljava/lang/String;)Z" line-rate="0.0" branch-rate="0.0">
							<lines>
								<line number="624" hits="0" branch="true" condition-coverage="0% (0/4)">
									<conditions>
										<condition number="0" type="jump" coverage="0%"/>
										<condition number="1" type="jump" coverage="0%"/>
									</conditions>
								</line>
								<line number="625" hits="0" branch="false"/>
								<line number="627" hits="0" branch="true" condition-coverage="0% (0/2)">
									<conditions>
										<condition number="0" type="jump" coverage="0%"/>
									</conditions>
								</line>
								<line number="628" hits="0" branch="true" condition-coverage="0% (0/2)">
									<conditions>
										<condition number="0" type="jump" coverage="0%"/>
									</conditions>
								</line>
								<line number="629" hits="0" branch="false"/>
								<line number="632" hits="0" branch="false"/>
							</lines>
						</method>
						<method name="isNumber" signature="(Ljava/lang/String;)Z" line-rate="0.0" branch-rate="0.0">
							<lines>
								<line number="649" hits="0" branch="true" condition-coverage="0% (0/4)">
									<conditions>
										<condition number="0" type="jump" coverage="0%"/>
										<condition number="1" type="jump" coverage="0%"/>
									</conditions>
								</line>
								<line number="650" hits="0" branch="false"/>
								<line number="652" hits="0" branch="false"/>
								<line number="653" hits="0" branch="false"/>
								<line number="654" hits="0" branch="false"/>
								<line number="655" hits="0" branch="false"/>
								<line number="656" hits="0" branch="false"/>
								<line number="657" hits="0" branch="false"/>
								<line number="659" hits="0" branch="true" condition-coverage="0% (0/2)">
									<conditions>
										<condition number="0" type="jump" coverage="0%"/>
									</conditions>
								</line>
								<line number="660" hits="0" branch="true" condition-coverage="0% (0/2)">
									<conditions>
										<condition number="0" type="jump" coverage="0%"/>
									</conditions>
								</line>
								<line number="661" hits="0" branch="true" condition-coverage="0% (0/4)">
									<conditions>
										<condition number="0" type="jump" coverage="0%"/>
										<condition number="1" type="jump" coverage="0%"/>
									</conditions>
								</line>
								<line number="662" hits="0" branch="false"/>
								<line number="663" hits="0" branch="true" condition-coverage="0% (0/2)">
									<conditions>
										<condition number="0" type="jump" coverage="0%"/>
									</conditions>
								</line>
								<line number="664" hits="0" branch="false"/>
								<line number="667" hits="0" branch="true" condition-coverage="0% (0/2)">
									<conditions>
										<condition number="0" type="jump" coverage="0%"/>
									</conditions>
								</line>
								<line number="668" hits="0" branch="true" condition-coverage="0% (0/12)">
									<conditions>
										<condition number="0" type="jump" coverage="0%"/>
										<condition number="1" type="jump" coverage="0%"/>
										<condition number="2" type="jump" coverage="0%"/>
										<condition number="3" type="jump" coverage="0%"/>
										<condition number="4" type="jump" coverage="0%"/>
										<condition number="5" type="jump" coverage="0%"/>
									</conditions>
								</line>
								<line number="671" hits="0" branch="false"/>
								<line number="674" hits="0" branch="false"/>
								<line number="677" hits="0" branch="false"/>
								<line number="679" hits="0" branch="false"/>
								<line number="683" hits="0" branch="true" condition-coverage="0% (0/8)">
									<conditions>
										<condition number="0" type="jump" coverage="0%"/>
										<condition number="1" type="jump" coverage="0%"/>
										<condition number="2" type="jump" coverage="0%"/>
										<condition number="3" type="jump" coverage="0%"/>
									</conditions>
								</line>
								<line number="684" hits="0" branch="true" condition-coverage="0% (0/4)">
									<conditions>
										<condition number="0" type="jump" coverage="0%"/>
										<condition number="1" type="jump" coverage="0%"/>
									</conditions>
								</line>
								<line number="685" hits="0" branch="false"/>
								<line number="686" hits="0" branch="false"/>
								<line number="687" hits="0" branch="true" condition-coverage="0% (0/2)">
									<conditions>
										<condition number="0" type="jump" coverage="0%"/>
									</conditions>
								</line>
								<line number="688" hits="0" branch="true" condition-coverage="0% (0/4)">
									<conditions>
										<condition number="0" type="jump" coverage="0%"/>
										<condition number="1" type="jump" coverage="0%"/>
									</conditions>
								</line>
								<line number="690" hits="0" branch="false"/>
								<line number="692" hits="0" branch="false"/>
								<line number="693" hits="0" branch="true" condition-coverage="0% (0/4)">
									<conditions>
										<condition number="0" type="jump" coverage="0%"/>
										<condition number="1" type="jump" coverage="0%"/>
									</conditions>
								</line>
								<line number="695" hits="0" branch="true" condition-coverage="0% (0/2)">
									<conditions>
										<condition number="0" type="jump" coverage="0%"/>
									</conditions>
								</line>
								<line number="697" hits="0" branch="false"/>
								<line number="699" hits="0" branch="true" condition-coverage="0% (0/2)">
									<conditions>
										<condition number="0" type="jump" coverage="0%"/>
									</conditions>
								</line>
								<line number="700" hits="0" branch="false"/>
								<line number="702" hits="0" branch="false"/>
								<line number="703" hits="0" branch="false"/>
								<line number="704" hits="0" branch="true" condition-coverage="0% (0/4)">
									<conditions>
										<condition number="0" type="jump" coverage="0%"/>
										<condition number="1" type="jump" coverage="0%"/>
									</conditions>
								</line>
								<line number="705" hits="0" branch="true" condition-coverage="0% (0/2)">
									<conditions>
										<condition number="0" type="jump" coverage="0%"/>
									</conditions>
								</line>
								<line number="706" hits="0" branch="false"/>
								<line number="708" hits="0" branch="false"/>
								<line number="709" hits="0" branch="false"/>
								<line number="711" hits="0" branch="false"/>
								<line number="713" hits="0" branch="false"/>
								<line number="715" hits="0" branch="true" condition-coverage="0% (0/2)">
									<conditions>
										<condition number="0" type="jump" coverage="0%"/>
									</conditions>
								</line>
								<line number="716" hits="0" branch="true" condition-coverage="0% (0/4)">
									<conditions>
										<condition number="0" type="jump" coverage="0%"/>
										<condition number="1" type="jump" coverage="0%"/>
									</conditions>
								</line>
								<line number="718" hits="0" branch="false"/>
[...]
								<line number="99" hits="1116" branch="false"/>
							</lines>
						</method>
						<method name="process" signature="(Ljava/lang/String;)V" line-rate="0.5" branch-rate="0.375">
							<lines>
								<line number="221" hits="54" branch="true" condition-coverage="75% (3/4)">
									<conditions>
										<condition number="0" type="jump" coverage="100%"/>
										<condition number="1" type="jump" coverage="50%"/>
									</conditions>
								</line>
								<line number="222" hits="0" branch="true" condition-coverage="0% (0/2)">
									<conditions>
										<condition number="0" type="jump" coverage="0%"/>
									</conditions>
								</line>
								<line number="223" hits="0" branch="false"/>
								<line number="224" hits="0" branch="false"/>
								<line number="225" hits="0" branch="true" condition-coverage="0% (0/2)">
									<conditions>
										<condition number="0" type="jump" coverage="0%"/>
									</conditions>
								</line>
								<line number="226" hits="0" branch="false"/>
								<line number="229" hits="54" branch="false"/>
								<line number="230" hits="54" branch="false"/>
								<line number="231" hits="54" branch="false"/>
								<line number="233" hits="54" branch="false"/>
							</lines>
						</method>
						<method name="processOptionToken" signature="(Ljava/lang/String;Z)V" line-rate="0.6666666666666666" branch-rate="0.25">
							<lines>
								<line number="258" hits="2286" branch="true" condition-coverage="50% (1/2)">
									<conditions>
										<condition number="0" type="jump" coverage="50%"/>
									</conditions>
								</line>
								<line number="259" hits="2286" branch="false"/>
								<line number="260" hits="2286" branch="false"/>
								<line number="261" hits="0" branch="true" condition-coverage="0% (0/2)">
									<conditions>
										<condition number="0" type="jump" coverage="0%"/>
									</conditions>
								</line>
								<line number="262" hits="0" branch="false"/>
								<line number="264" hits="2286" branch="false"/>
							</lines>
						</method>
						<method name="processSingleHyphen" signature="(Ljava/lang/String;)V" line-rate="1.0" branch-rate="1.0">
							<lines>
								<line number="242" hits="36" branch="false"/>
								<line number="243" hits="36" branch="false"/>
							</lines>
						</method>
					</methods>
					<lines>
						<line number="77" hits="1026" branch="false"/>
						<line number="79" hits="1026" branch="false"/>
						<line number="96" hits="1116" branch="false"/>
						<line number="97" hits="1116" branch="false"/>
						<line number="98" hits="1116" branch="false"/>
						<line number="99" hits="1116" branch="false"/>
						<line number="144" hits="1116" branch="false"/>
						<line number="145" hits="1116" branch="false"/>
						<line number="148" hits="1116" branch="false"/>
						<line number="149" hits="1116" branch="false"/>
						<line number="152" hits="7776" branch="true" condition-coverage="100% (2/2)">
							<conditions>
								<condition number="0" type="jump" coverage="100%"/>
							</conditions>
						</line>
						<line number="154" hits="6660" branch="false"/>
						<line number="157" hits="6660" branch="true" condition-coverage="100% (2/2)">
							<conditions>
								<condition number="0" type="jump" coverage="100%"/>
							</conditions>
						</line>
						<line number="158" hits="1008" branch="true" condition-coverage="100% (2/2)">
							<conditions>
								<condition number="0" type="jump" coverage="100%"/>
							</conditions>
						</line>
						<line number="159" hits="18" branch="false"/>
						<line number="160" hits="18" branch="false"/>
						<line number="163" hits="990" branch="false"/>
						<line number="167" hits="5652" branch="true" condition-coverage="100% (2/2)">
							<conditions>
								<condition number="0" type="jump" coverage="100%"/>
							</conditions>
						</line>
						<line number="168" hits="36" branch="false"/>
						<line number="169" hits="5616" branch="true" condition-coverage="100% (2/2)">
							<conditions>
								<condition number="0" type="jump" coverage="100%"/>
							</conditions>
						</line>
						<line number="170" hits="2916" branch="false"/>
						<line number="171" hits="2916" branch="true" condition-coverage="100% (2/2)">
							<conditions>
								<condition number="0" type="jump" coverage="100%"/>
							</conditions>
						</line>
						<line number="172" hits="2286" branch="false"/>
						<line number="176" hits="630" branch="false"/>
						<line number="178" hits="2916" branch="false"/>
						<line number="179" hits="2700" branch="true" condition-coverage="100% (2/2)">
							<conditions>
								<condition number="0" type="jump" coverage="100%"/>
							</conditions>
						</line>
						<line number="180" hits="54" branch="false"/>
						<line number="182" hits="2646" branch="false"/>
						<line number="186" hits="6660" branch="false"/>
						<line number="189" hits="1116" branch="false"/>
						<line number="198" hits="6660" branch="true" condition-coverage="100% (2/2)">
							<conditions>
								<condition number="0" type="jump" coverage="100%"/>
							</conditions>
						</line>
						<line number="199" hits="126" branch="true" condition-coverage="100% (2/2)">
							<conditions>
								<condition number="0" type="jump" coverage="100%"/>
							</conditions>
						</line>
						<line number="200" hits="72" branch="false"/>
						<line number="203" hits="6660" branch="false"/>
						<line number="221" hits="54" branch="true" condition-coverage="75% (3/4)">
							<conditions>
								<condition number="0" type="jump" coverage="100%"/>
								<condition number="1" type="jump" coverage="50%"/>
							</conditions>
						</line>
						<line number="222" hits="0" branch="true" condition-coverage="0% (0/2)">
							<conditions>
								<condition number="0" type="jump" coverage="0%"/>
							</conditions>
						</line>
						<line number="223" hits="0" branch="false"/>
						<line number="224" hits="0" branch="false"/>
						<line number="225" hits="0" branch="true" condition-coverage="0% (0/2)">
							<conditions>
								<condition number="0" type="jump" coverage="0%"/>
							</conditions>
						</line>
						<line number="226" hits="0" branch="false"/>
						<line number="229" hits="54" branch="false"/>
						<line number="230" hits="54" branch="false"/>
						<line number="231" hits="54" branch="false"/>
						<line number="233" hits="54" branch="false"/>
						<line number="242" hits="36" branch="false"/>
						<line number="243" hits="36" branch="false"/>
						<line number="258" hits="2286" branch="true" condition-coverage="50% (1/2)">
							<conditions>
								<condition number="0" type="jump" coverage="50%"/>
							</conditions>
						</line>
						<line number="259" hits="2286" branch="false"/>
						<line number="260" hits="2286" branch="false"/>
						<line number="261" hits="0" branch="true" condition-coverage="0% (0/2)">
							<conditions>
								<condition number="0" type="jump" coverage="0%"/>
							</conditions>
						</line>
						<line number="262" hits="0" branch="false"/>
						<line number="264" hits="2286" branch="false"/>
						<line number="293" hits="630" branch="false"/>
						<line number="295" hits="756" branch="true" condition-coverage="100% (2/2)">
							<conditions>
								<condition number="0" type="jump" coverage="100%"/>
							</conditions>
						</line>
						<line number="296" hits="738" branch="false"/>
						<line number="297" hits="738" branch="false"/>
						<line number="299" hits="738" branch="true" condition-coverage="100% (2/2)">
							<conditions>
								<condition number="0" type="jump" coverage="100%"/>
							</conditions>
						</line>
						<line number="300" hits="720" branch="false"/>
						<line number="301" hits="720" branch="false"/>
						<line number="302" hits="720" branch="true" condition-coverage="100% (4/4)">
							<conditions>
								<condition number="0" type="jump" coverage="100%"/>
								<condition number="1" type="jump" coverage="100%"/>
							</conditions>
						</line>
						<line number="303" hits="612" branch="false"/>
						<line number="304" hits="612" branch="false"/>
						<line number="306" hits="18" branch="true" condition-coverage="50% (1/2)">
							<conditions>
								<condition number="0" type="jump" coverage="50%"/>
							</conditions>
						</line>
						<line number="307" hits="0" branch="false"/>
						<line number="309" hits="18" branch="false"/>
						<line number="312" hits="630" branch="false"/>
					</lines>
				</class>
				<class name="org.apache.commons.cli.TypeHandler" filename="org/apache/commons/cli/TypeHandler.java" line-rate="0.4909090909090909" branch-rate="0.7" complexity="4.444444444444445">
					<methods>
						<method name="&lt;init&gt;" signature="()V" line-rate="0.0" branch-rate="1.0">
							<lines>
								<line number="81" hits="0" branch="false"/>
							</lines>
						</method>
						<method name="createClass" signature="(Ljava/lang/String;)Ljava/lang/Class;" line-rate="0.25" branch-rate="1.0">
							<lines>
								<line number="191" hits="36" branch="false"/>
								<line number="192" hits="0" branch="false"/>
								<line number="193" hits="0" branch="false"/>
								<line number="194" hits="0" branch="false"/>
							</lines>
						</method>
						<method name="createDate" signature="(Ljava/lang/String;)Ljava/util/Date;" line-rate="0.0" branch-rate="0.0">
							<lines>
								<line number="207" hits="0" branch="false"/>
								<line number="208" hits="0" branch="true" condition-coverage="0% (0/2)">
									<conditions>
										<condition number="0" type="jump" coverage="0%"/>
									</conditions>
								</line>
								<line number="209" hits="0" branch="false"/>
								<line number="211" hits="0" branch="false"/>
							</lines>
						</method>
						<method name="createFile" signature="(Ljava/lang/String;)Ljava/io/File;" line-rate="1.0" branch-rate="1.0">
							<lines>
								<line number="239" hits="36" branch="false"/>
							</lines>
						</method>
						<method name="createFiles" signature="(Ljava/lang/String;)[Ljava/io/File;" line-rate="0.0" branch-rate="1.0">
							<lines>
								<line number="252" hits="0" branch="false"/>
							</lines>
						</method>
						<method name="createNumber" signature="(Ljava/lang/String;)Ljava/lang/Number;" line-rate="0.25" branch-rate="1.0">
							<lines>
								<line number="175" hits="36" branch="false"/>
								<line number="176" hits="0" branch="false"/>
								<line number="177" hits="0" branch="false"/>
								<line number="178" hits="0" branch="false"/>
							</lines>
						</method>
						<method name="createObject" signature="(Ljava/lang/String;)Ljava/lang/Object;" line-rate="0.4375" branch-rate="1.0">
							<lines>
								<line number="138" hits="36" branch="false"/>
								<line number="140" hits="36" branch="false"/>
								<line number="141" hits="0" branch="false"/>
								<line number="142" hits="0" branch="false"/>
								<line number="143" hits="0" branch="false"/>
								<line number="144" hits="36" branch="false"/>
								<line number="146" hits="36" branch="false"/>
								<line number="149" hits="36" branch="false"/>
								<line number="150" hits="0" branch="false"/>
								<line number="151" hits="0" branch="false"/>
								<line number="153" hits="0" branch="false"/>
								<line number="154" hits="0" branch="false"/>
								<line number="155" hits="0" branch="false"/>
								<line number="157" hits="0" branch="false"/>
								<line number="158" hits="36" branch="false"/>
								<line number="160" hits="36" branch="false"/>
							</lines>
						</method>
						<method name="createURL" signature="(Ljava/lang/String;)Ljava/net/URL;" line-rate="0.25" branch-rate="1.0">
							<lines>
								<line number="224" hits="36" branch="false"/>
								<line number="225" hits="0" branch="false"/>
								<line number="226" hits="0" branch="false"/>
								<line number="227" hits="0" branch="false"/>
							</lines>
						</method>
						<method name="createValue" signature="(Ljava/lang/String;Ljava/lang/Class;)Ljava/lang/Object;" line-rate="0.7894736842105263" branch-rate="0.7777777777777778">
							<lines>
								<line number="107" hits="216" branch="true" condition-coverage="100% (2/2)">
									<conditions>
										<condition number="0" type="jump" coverage="100%"/>
									</conditions>
								</line>
								<line number="108" hits="36" branch="false"/>
								<line number="109" hits="180" branch="true" condition-coverage="100% (2/2)">
									<conditions>
										<condition number="0" type="jump" coverage="100%"/>
									</conditions>
								</line>
								<line number="110" hits="36" branch="false"/>
								<line number="111" hits="144" branch="true" condition-coverage="100% (2/2)">
									<conditions>
										<condition number="0" type="jump" coverage="100%"/>
									</conditions>
								</line>
								<line number="112" hits="36" branch="false"/>
								<line number="113" hits="108" branch="true" condition-coverage="50% (1/2)">
									<conditions>
										<condition number="0" type="jump" coverage="50%"/>
									</conditions>
								</line>
								<line number="114" hits="0" branch="false"/>
								<line number="115" hits="108" branch="true" condition-coverage="100% (2/2)">
									<conditions>
										<condition number="0" type="jump" coverage="100%"/>
									</conditions>
								</line>
								<line number="116" hits="36" branch="false"/>
								<line number="117" hits="72" branch="true" condition-coverage="100% (2/2)">
									<conditions>
										<condition number="0" type="jump" coverage="100%"/>
									</conditions>
								</line>
								<line number="118" hits="36" branch="false"/>
								<line number="119" hits="36" branch="true" condition-coverage="50% (1/2)">
									<conditions>
										<condition number="0" type="jump" coverage="50%"/>
									</conditions>
								</line>
								<line number="120" hits="0" branch="false"/>
								<line number="121" hits="36" branch="true" condition-coverage="50% (1/2)">
									<conditions>
										<condition number="0" type="jump" coverage="50%"/>
									</conditions>
								</line>
								<line number="122" hits="0" branch="false"/>
								<line number="123" hits="36" branch="true" condition-coverage="50% (1/2)">
									<conditions>
										<condition number="0" type="jump" coverage="50%"/>
									</conditions>
								</line>
								<line number="124" hits="36" branch="false"/>
								<line number="126" hits="0" branch="false"/>
							</lines>
						</method>
						<method name="createValue" signature="(Ljava/lang/String;Ljava/lang/Object;)Ljava/lang/Object;" line-rate="1.0" branch-rate="1.0">
							<lines>
								<line number="93" hits="216" branch="false"/>
							</lines>
						</method>
					</methods>
					<lines>
						<line number="81" hits="0" branch="false"/>
						<line number="93" hits="216" branch="false"/>
						<line number="107" hits="216" branch="true" condition-coverage="100% (2/2)">
							<conditions>
								<condition number="0" type="jump" coverage="100%"/>
							</conditions>
						</line>
						<line number="108" hits="36" branch="false"/>
						<line number="109" hits="180" branch="true" condition-coverage="100% (2/2)">
							<conditions>
								<condition number="0" type="jump" coverage="100%"/>
							</conditions>
						</line>
						<line number="110" hits="36" branch="false"/>
						<line number="111" hits="144" branch="true" condition-coverage="100% (2/2)">
							<conditions>
								<condition number="0" type="jump" coverage="100%"/>
							</conditions>
						</line>
						<line number="112" hits="36" branch="false"/>
						<line number="113" hits="108" branch="true" condition-coverage="50% (1/2)">
							<conditions>
								<condition number="0" type="jump" coverage="50%"/>
							</conditions>
						</line>
						<line number="114" hits="0" branch="false"/>
						<line number="115" hits="108" branch="true" condition-coverage="100% (2/2)">
							<conditions>
								<condition number="0" type="jump" coverage="100%"/>
							</conditions>
						</line>
						<line number="116" hits="36" branch="false"/>
						<line number="117" hits="72" branch="true" condition-coverage="100% (2/2)">
							<conditions>
								<condition number="0" type="jump" coverage="100%"/>
							</conditions>
						</line>
						<line number="118" hits="36" branch="false"/>
						<line number="119" hits="36" branch="true" condition-coverage="50% (1/2)">
							<conditions>
								<condition number="0" type="jump" coverage="50%"/>
							</conditions>
						</line>
						<line number="120" hits="0" branch="false"/>
						<line number="121" hits="36" branch="true" condition-coverage="50% (1/2)">
							<conditions>
								<condition number="0" type="jump" coverage="50%"/>
							</conditions>
						</line>
						<line number="122" hits="0" branch="false"/>
						<line number="123" hits="36" branch="true" condition-coverage="50% (1/2)">
							<conditions>
								<condition number="0" type="jump" coverage="50%"/>
							</conditions>
						</line>
						<line number="124" hits="36" branch="false"/>
						<line number="126" hits="0" branch="false"/>
						<line number="138" hits="36" branch="false"/>
						<line number="140" hits="36" branch="false"/>
						<line number="141" hits="0" branch="false"/>
						<line number="142" hits="0" branch="false"/>
						<line number="143" hits="0" branch="false"/>
						<line number="144" hits="36" branch="false"/>
						<line number="146" hits="36" branch="false"/>
						<line number="149" hits="36" branch="false"/>
						<line number="150" hits="0" branch="false"/>
						<line number="151" hits="0" branch="false"/>
						<line number="153" hits="0" branch="false"/>
						<line number="154" hits="0" branch="false"/>
						<line number="155" hits="0" branch="false"/>
						<line number="157" hits="0" branch="false"/>
						<line number="158" hits="36" branch="false"/>
						<line number="160" hits="36" branch="false"/>
						<line number="175" hits="36" branch="false"/>
						<line number="176" hits="0" branch="false"/>
						<line number="177" hits="0" branch="false"/>
						<line number="178" hits="0" branch="false"/>
						<line number="191" hits="36" branch="false"/>
						<line number="192" hits="0" branch="false"/>
						<line number="193" hits="0" branch="false"/>
						<line number="194" hits="0" branch="false"/>
						<line number="207" hits="0" branch="false"/>
						<line number="208" hits="0" branch="true" condition-coverage="0% (0/2)">
							<conditions>
								<condition number="0" type="jump" coverage="0%"/>
							</conditions>
						</line>
						<line number="209" hits="0" branch="false"/>
						<line number="211" hits="0" branch="false"/>
						<line number="224" hits="36" branch="false"/>
						<line number="225" hits="0" branch="false"/>
						<line number="226" hits="0" branch="false"/>
						<line number="227" hits="0" branch="false"/>
						<line number="239" hits="36" branch="false"/>
						<line number="252" hits="0" branch="false"/>
					</lines>
				</class>
				<class name="org.apache.commons.cli.UnrecognizedOptionException" filename="org/apache/commons/cli/UnrecognizedOptionException.java" line-rate="1.0" branch-rate="1.0" complexity="1.0">
					<methods>
						<method name="&lt;init&gt;" signature="(Ljava/lang/String;)V" line-rate="1.0" branch-rate="1.0">
							<lines>
								<line number="85" hits="36" branch="false"/>
								<line number="86" hits="36" branch="false"/>
							</lines>
						</method>
					</methods>
					<lines>
						<line number="85" hits="36" branch="false"/>
						<line number="86" hits="36" branch="false"/>
					</lines>
				</class>
			</classes>
		</package>
	</packages>
</coverage>
