<?xml version="1.0" encoding="utf-8"?>
<coverage line-rate="0.8301000000000001" branch-rate="0.75" version="1.9" timestamp="1663310122" lines-covered="44"
          lines-valid="53" branches-covered="3" branches-valid="4">
  <sources>
    <source>/CoverageTest.Service/</source>
  </sources>
  <packages>
    <package name="CoverageTest.Service" line-rate="0.8301000000000001" branch-rate="0.75" complexity="8">
      <classes>
        <class name="VisualOn.Data.DataSourceProvider" filename="src/VisualOn.Core/Data/DataSourceProvider.cs"
               line-rate="0.925" branch-rate="0.7692307692307693" complexity="18">
          <methods>
            <method name="Enumerate" signature="()" line-rate="1" branch-rate="1" complexity="2">
              <lines>
                <line number="61" hits="2" branch="true" condition-coverage="100% (2/2)"/>
                <line number="63" hits="2" branch="false"/>
                <line number="65" hits="1" branch="false"/>
              </lines>
            </method>
            <method name="Enumerate" signature="()" line-rate="1" branch-rate="1" complexity="2">
              <lines>
                <line number="69" hits="1" branch="false"/>
                <line number="71" hits="1" branch="true" condition-coverage="100% (2/2)"/>
                <line number="73" hits="1" branch="false"/>
                <line number="75" hits="1" branch="false"/>
              </lines>
            </method>
          </methods>
          <lines>
            <line number="13" hits="2" branch="false"/>
            <line number="15" hits="2" branch="false"/>
            <line number="16" hits="2" branch="false"/>
            <line number="17" hits="2" branch="false"/>
            <line number="20" hits="2" branch="true" condition-coverage="50% (1/2)"/>
            <line number="24" hits="2" branch="false"/>
            <line number="25" hits="2" branch="true" condition-coverage="100% (4/4)"/>
            <line number="26" hits="2" branch="false"/>
            <line number="28" hits="2" branch="false"/>
            <line number="30" hits="2" branch="true" condition-coverage="50% (1/2)"/>
            <line number="33" hits="2" branch="false"/>
            <line number="37" hits="2" branch="true" condition-coverage="50% (1/2)"/>
            <line number="38" hits="1" branch="false"/>
            <line number="40" hits="2" branch="false"/>
            <line number="41" hits="2" branch="false"/>
            <line number="46" hits="2" branch="true" condition-coverage="50% (1/2)"/>
            <line number="47" hits="0" branch="false"/>
            <line number="48" hits="2" branch="false"/>
            <line number="53" hits="2" branch="true" condition-coverage="50% (1/2)"/>
            <line number="54" hits="0" branch="false"/>
            <line number="56" hits="2" branch="false"/>
            <line number="61" hits="2" branch="true" condition-coverage="100% (2/2)"/>
            <line number="63" hits="2" branch="false"/>
            <line number="65" hits="1" branch="false"/>
            <line number="69" hits="1" branch="false"/>
            <line number="71" hits="1" branch="true" condition-coverage="100% (2/2)"/>
            <line number="73" hits="1" branch="false"/>
            <line number="75" hits="1" branch="false"/>
            <line number="77" hits="1" branch="false"/>
            <line number="81" hits="2" branch="true" condition-coverage="50% (1/2)"/>
            <line number="82" hits="0" branch="false"/>
            <line number="84" hits="2" branch="false"/>
            <line number="85" hits="2" branch="false"/>
            <line number="87" hits="2" branch="true" condition-coverage="100% (2/2)"/>
            <line number="88" hits="2" branch="false"/>
            <line number="90" hits="2" branch="true" condition-coverage="100% (2/2)"/>
            <line number="91" hits="2" branch="false"/>
            <line number="93" hits="2" branch="true" condition-coverage="100% (2/2)"/>
            <line number="94" hits="2" branch="false"/>
            <line number="96" hits="2" branch="false"/>
          </lines>
        </class>
      </classes>
    </package>
  </packages>
</coverage>
